2024-07-16 18:37:39 - Starting C:\Program Files\nodejs\node.exe  --harmony C:\Code\AthenaAPI\node_modules\node-windows\lib\wrapper.js --file C:\Code\AthenaAPI\server.js --scriptoptions= --log "Athena API wrapper" --grow 0.25 --wait 1 --maxrestarts 3 --abortonerror n --stopparentfirst undefined
2024-07-16 18:37:39 - Started 5864
2024-07-16 18:45:40 - Stopping athenaapi.exe
2024-07-16 18:45:40 - ProcessKill 5864
2024-07-16 18:45:41 - Shutdown exception
Message:Invalid query 
Stacktrace:   at System.Management.ManagementException.ThrowWithExtendedInfo(ManagementStatus errorCode)
   at System.Management.ManagementObjectCollection.ManagementObjectEnumerator.MoveNext()
   at winsw.WrapperService.GetChildPids(Int32 pid)
   at winsw.WrapperService.StopProcessAndChildren(Int32 pid)
   at winsw.WrapperService.StopIt()
   at winsw.WrapperService.OnShutdown()
2024-07-16 18:46:34 - Starting C:\Program Files\nodejs\node.exe  --harmony C:\Code\AthenaAPI\node_modules\node-windows\lib\wrapper.js --file C:\Code\AthenaAPI\server.js --scriptoptions= --log "Athena API wrapper" --grow 0.25 --wait 1 --maxrestarts 3 --abortonerror n --stopparentfirst undefined
2024-07-16 18:46:34 - Started 5572
2024-07-18 13:18:09 - Stopping athenaapi.exe
2024-07-18 13:18:09 - ProcessKill 5572
2024-07-18 13:18:09 - Found child process: 4888 Name: conhost.exe
2024-07-18 13:18:09 - Found child process: 6968 Name: node.exe
2024-07-18 13:18:09 - Stopping process 4888
2024-07-18 13:18:09 - Send SIGINT 4888
2024-07-18 13:18:09 - SIGINT to 4888 failed - Killing as fallback
2024-07-18 13:18:09 - Stopping process 6968
2024-07-18 13:18:09 - Send SIGINT 6968
2024-07-18 13:18:09 - SIGINT to 6968 failed - Killing as fallback
2024-07-18 13:18:09 - Stopping process 5572
2024-07-18 13:18:09 - Send SIGINT 5572
2024-07-18 13:18:09 - SIGINT to 5572 failed - Killing as fallback
2024-07-18 13:18:09 - Finished athenaapi.exe
2024-07-18 13:18:10 - Starting C:\Program Files\nodejs\node.exe  --harmony C:\Code\AthenaAPI\node_modules\node-windows\lib\wrapper.js --file C:\Code\AthenaAPI\server.js --scriptoptions= --log "Athena API wrapper" --grow 0.25 --wait 1 --maxrestarts 3 --abortonerror n --stopparentfirst undefined
2024-07-18 13:18:10 - Started 3412
2024-07-22 13:09:33 - Stopping athenaapi.exe
2024-07-22 13:09:33 - ProcessKill 3412
2024-07-22 13:09:33 - Found child process: 2724 Name: conhost.exe
2024-07-22 13:09:33 - Found child process: 7440 Name: node.exe
2024-07-22 13:09:33 - Stopping process 2724
2024-07-22 13:09:33 - Send SIGINT 2724
2024-07-22 13:09:33 - SIGINT to 2724 failed - Killing as fallback
2024-07-22 13:09:33 - Stopping process 7440
2024-07-22 13:09:33 - Send SIGINT 7440
2024-07-22 13:09:33 - SIGINT to 7440 failed - Killing as fallback
2024-07-22 13:09:33 - Stopping process 3412
2024-07-22 13:09:33 - Send SIGINT 3412
2024-07-22 13:09:33 - SIGINT to 3412 failed - Killing as fallback
2024-07-22 13:09:33 - Finished athenaapi.exe
2024-07-22 13:09:35 - Starting C:\Program Files\nodejs\node.exe  --harmony C:\Code\AthenaAPI\node_modules\node-windows\lib\wrapper.js --file C:\Code\AthenaAPI\server.js --scriptoptions= --log "Athena API wrapper" --grow 0.25 --wait 1 --maxrestarts 3 --abortonerror n --stopparentfirst undefined
2024-07-22 13:09:37 - Started 6332
2024-07-22 13:16:49 - Stopping athenaapi.exe
2024-07-22 13:16:49 - ProcessKill 6332
2024-07-22 13:16:49 - Found child process: 5528 Name: conhost.exe
2024-07-22 13:16:49 - Found child process: 2912 Name: node.exe
2024-07-22 13:16:49 - Stopping process 5528
2024-07-22 13:16:49 - Send SIGINT 5528
2024-07-22 13:16:49 - SIGINT to 5528 failed - Killing as fallback
2024-07-22 13:16:49 - Stopping process 2912
2024-07-22 13:16:49 - Send SIGINT 2912
2024-07-22 13:16:49 - SIGINT to 2912 failed - Killing as fallback
2024-07-22 13:16:49 - Stopping process 6332
2024-07-22 13:16:49 - Send SIGINT 6332
2024-07-22 13:16:49 - SIGINT to 6332 failed - Killing as fallback
2024-07-22 13:16:49 - Finished athenaapi.exe
2024-07-22 13:16:50 - Starting C:\Program Files\nodejs\node.exe  --harmony C:\Code\AthenaAPI\node_modules\node-windows\lib\wrapper.js --file C:\Code\AthenaAPI\server.js --scriptoptions= --log "Athena API wrapper" --grow 0.25 --wait 1 --maxrestarts 3 --abortonerror n --stopparentfirst undefined
2024-07-22 13:16:51 - Started 8008
2024-07-22 13:18:38 - Stopping athenaapi.exe
2024-07-22 13:18:38 - ProcessKill 8008
2024-07-22 13:18:38 - Found child process: 7992 Name: conhost.exe
2024-07-22 13:18:38 - Found child process: 2400 Name: node.exe
2024-07-22 13:18:38 - Stopping process 7992
2024-07-22 13:18:38 - Send SIGINT 7992
2024-07-22 13:18:38 - SIGINT to 7992 failed - Killing as fallback
2024-07-22 13:18:38 - Stopping process 2400
2024-07-22 13:18:38 - Send SIGINT 2400
2024-07-22 13:18:38 - SIGINT to 2400 failed - Killing as fallback
2024-07-22 13:18:38 - Stopping process 8008
2024-07-22 13:18:38 - Send SIGINT 8008
2024-07-22 13:18:38 - SIGINT to 8008 failed - Killing as fallback
2024-07-22 13:18:38 - Finished athenaapi.exe
2024-07-22 13:18:39 - Starting C:\Program Files\nodejs\node.exe  --harmony C:\Code\AthenaAPI\node_modules\node-windows\lib\wrapper.js --file C:\Code\AthenaAPI\server.js --scriptoptions= --log "Athena API wrapper" --grow 0.25 --wait 1 --maxrestarts 3 --abortonerror n --stopparentfirst undefined
2024-07-22 13:18:40 - Started 6728
2024-07-22 15:59:21 - Stopping athenaapi.exe
2024-07-22 15:59:21 - ProcessKill 6728
2024-07-22 15:59:22 - Found child process: 6412 Name: conhost.exe
2024-07-22 15:59:22 - Found child process: 1456 Name: node.exe
2024-07-22 15:59:22 - Stopping process 6412
2024-07-22 15:59:22 - Send SIGINT 6412
2024-07-22 15:59:22 - SIGINT to 6412 failed - Killing as fallback
2024-07-22 15:59:22 - Stopping process 1456
2024-07-22 15:59:22 - Send SIGINT 1456
2024-07-22 15:59:22 - SIGINT to 1456 failed - Killing as fallback
2024-07-22 15:59:22 - Stopping process 6728
2024-07-22 15:59:22 - Send SIGINT 6728
2024-07-22 15:59:22 - SIGINT to 6728 failed - Killing as fallback
2024-07-22 15:59:22 - Finished athenaapi.exe
2024-07-22 15:59:23 - Starting C:\Program Files\nodejs\node.exe  --harmony C:\Code\AthenaAPI\node_modules\node-windows\lib\wrapper.js --file C:\Code\AthenaAPI\server.js --scriptoptions= --log "Athena API wrapper" --grow 0.25 --wait 1 --maxrestarts 3 --abortonerror n --stopparentfirst undefined
2024-07-22 15:59:24 - Started 10048
2024-08-07 11:47:23 - Starting C:\Program Files\nodejs\node.exe  --harmony C:\Code\AthenaAPI\node_modules\node-windows\lib\wrapper.js --file C:\Code\AthenaAPI\server.js --scriptoptions= --log "Athena API wrapper" --grow 0.25 --wait 1 --maxrestarts 3 --abortonerror n --stopparentfirst undefined
2024-08-07 11:47:23 - Started 5084
2024-08-07 12:12:42 - Starting C:\Program Files\nodejs\node.exe  --harmony C:\Code\AthenaAPI\node_modules\node-windows\lib\wrapper.js --file C:\Code\AthenaAPI\server.js --scriptoptions= --log "Athena API wrapper" --grow 0.25 --wait 1 --maxrestarts 3 --abortonerror n --stopparentfirst undefined
2024-08-07 12:12:46 - Started 8744
2024-08-07 12:55:52 - Starting C:\Program Files\nodejs\node.exe  --harmony C:\Code\AthenaAPI\node_modules\node-windows\lib\wrapper.js --file C:\Code\AthenaAPI\server.js --scriptoptions= --log "Athena API wrapper" --grow 0.25 --wait 1 --maxrestarts 3 --abortonerror n --stopparentfirst undefined
2024-08-07 12:55:53 - Started 7232
2024-08-07 16:18:36 - Stopping athenaapi.exe
2024-08-07 16:18:36 - ProcessKill 7232
2024-08-07 16:18:37 - Found child process: 8616 Name: conhost.exe
2024-08-07 16:18:37 - Found child process: 9380 Name: node.exe
2024-08-07 16:18:37 - Stopping process 8616
2024-08-07 16:18:37 - Send SIGINT 8616
2024-08-07 16:18:37 - SIGINT to 8616 failed - Killing as fallback
2024-08-07 16:18:37 - Stopping process 9380
2024-08-07 16:18:37 - Send SIGINT 9380
2024-08-07 16:18:37 - SIGINT to 9380 failed - Killing as fallback
2024-08-07 16:18:37 - Stopping process 7232
2024-08-07 16:18:37 - Send SIGINT 7232
2024-08-07 16:18:37 - SIGINT to 7232 failed - Killing as fallback
2024-08-07 16:18:37 - Finished athenaapi.exe
2024-08-07 16:18:38 - Starting C:\Program Files\nodejs\node.exe  --harmony C:\Code\AthenaAPI\node_modules\node-windows\lib\wrapper.js --file C:\Code\AthenaAPI\server.js --scriptoptions= --log "Athena API wrapper" --grow 0.25 --wait 1 --maxrestarts 3 --abortonerror n --stopparentfirst undefined
2024-08-07 16:18:40 - Started 5908
2024-08-08 16:50:50 - Stopping athenaapi.exe
2024-08-08 16:50:50 - ProcessKill 5908
2024-08-08 16:50:50 - Found child process: 1572 Name: conhost.exe
2024-08-08 16:50:50 - Found child process: 3800 Name: node.exe
2024-08-08 16:50:50 - Stopping process 1572
2024-08-08 16:50:50 - Send SIGINT 1572
2024-08-08 16:50:50 - SIGINT to 1572 failed - Killing as fallback
2024-08-08 16:50:50 - Stopping process 3800
2024-08-08 16:50:50 - Send SIGINT 3800
2024-08-08 16:50:50 - SIGINT to 3800 failed - Killing as fallback
2024-08-08 16:50:50 - Stopping process 5908
2024-08-08 16:50:50 - Send SIGINT 5908
2024-08-08 16:50:50 - SIGINT to 5908 failed - Killing as fallback
2024-08-08 16:50:50 - Finished athenaapi.exe
2024-08-08 16:50:51 - Starting C:\Program Files\nodejs\node.exe  --harmony C:\Code\AthenaAPI\node_modules\node-windows\lib\wrapper.js --file C:\Code\AthenaAPI\server.js --scriptoptions= --log "Athena API wrapper" --grow 0.25 --wait 1 --maxrestarts 3 --abortonerror n --stopparentfirst undefined
2024-08-08 16:50:53 - Started 8724
2024-08-14 15:56:52 - Stopping athenaapi.exe
2024-08-14 15:56:52 - ProcessKill 8724
2024-08-14 15:56:52 - Found child process: 6740 Name: conhost.exe
2024-08-14 15:56:52 - Found child process: 6376 Name: node.exe
2024-08-14 15:56:52 - Stopping process 6740
2024-08-14 15:56:52 - Send SIGINT 6740
2024-08-14 15:56:52 - SIGINT to 6740 failed - Killing as fallback
2024-08-14 15:56:52 - Stopping process 6376
2024-08-14 15:56:52 - Send SIGINT 6376
2024-08-14 15:56:52 - SIGINT to 6376 failed - Killing as fallback
2024-08-14 15:56:52 - Stopping process 8724
2024-08-14 15:56:52 - Send SIGINT 8724
2024-08-14 15:56:52 - SIGINT to 8724 failed - Killing as fallback
2024-08-14 15:56:52 - Finished athenaapi.exe
2024-08-14 15:56:54 - Starting C:\Program Files\nodejs\node.exe  --harmony C:\Code\AthenaAPI\node_modules\node-windows\lib\wrapper.js --file C:\Code\AthenaAPI\server.js --scriptoptions= --log "Athena API wrapper" --grow 0.25 --wait 1 --maxrestarts 3 --abortonerror n --stopparentfirst undefined
2024-08-14 15:56:56 - Started 8244
2024-08-14 16:50:03 - Stopping athenaapi.exe
2024-08-14 16:50:03 - ProcessKill 8244
2024-08-14 16:50:03 - Found child process: 6680 Name: conhost.exe
2024-08-14 16:50:03 - Found child process: 8684 Name: node.exe
2024-08-14 16:50:03 - Stopping process 6680
2024-08-14 16:50:03 - Send SIGINT 6680
2024-08-14 16:50:03 - SIGINT to 6680 failed - Killing as fallback
2024-08-14 16:50:03 - Stopping process 8684
2024-08-14 16:50:03 - Send SIGINT 8684
2024-08-14 16:50:03 - SIGINT to 8684 failed - Killing as fallback
2024-08-14 16:50:03 - Stopping process 8244
2024-08-14 16:50:03 - Send SIGINT 8244
2024-08-14 16:50:03 - SIGINT to 8244 failed - Killing as fallback
2024-08-14 16:50:03 - Finished athenaapi.exe
2024-08-14 16:50:04 - Starting C:\Program Files\nodejs\node.exe  --harmony C:\Code\AthenaAPI\node_modules\node-windows\lib\wrapper.js --file C:\Code\AthenaAPI\server.js --scriptoptions= --log "Athena API wrapper" --grow 0.25 --wait 1 --maxrestarts 3 --abortonerror n --stopparentfirst undefined
2024-08-14 16:50:05 - Started 5112
2024-08-19 17:50:46 - Stopping athenaapi.exe
2024-08-19 17:50:46 - ProcessKill 5112
2024-08-19 17:50:47 - Found child process: 8060 Name: conhost.exe
2024-08-19 17:50:47 - Found child process: 6704 Name: node.exe
2024-08-19 17:50:47 - Stopping process 8060
2024-08-19 17:50:47 - Send SIGINT 8060
2024-08-19 17:50:47 - SIGINT to 8060 failed - Killing as fallback
2024-08-19 17:50:47 - Stopping process 6704
2024-08-19 17:50:47 - Send SIGINT 6704
2024-08-19 17:50:47 - SIGINT to 6704 failed - Killing as fallback
2024-08-19 17:50:47 - Stopping process 5112
2024-08-19 17:50:47 - Send SIGINT 5112
2024-08-19 17:50:47 - SIGINT to 5112 failed - Killing as fallback
2024-08-19 17:50:47 - Finished athenaapi.exe
2024-08-19 17:50:48 - Starting C:\Program Files\nodejs\node.exe  --harmony C:\Code\AthenaAPI\node_modules\node-windows\lib\wrapper.js --file C:\Code\AthenaAPI\server.js --scriptoptions= --log "Athena API wrapper" --grow 0.25 --wait 1 --maxrestarts 3 --abortonerror n --stopparentfirst undefined
2024-08-19 17:50:49 - Started 4248
2024-09-04 16:05:31 - Starting C:\Program Files\nodejs\node.exe  --harmony C:\Code\AthenaAPI\node_modules\node-windows\lib\wrapper.js --file C:\Code\AthenaAPI\server.js --scriptoptions= --log "Athena API wrapper" --grow 0.25 --wait 1 --maxrestarts 3 --abortonerror n --stopparentfirst undefined
2024-09-04 16:05:32 - Started 8536
2024-09-04 16:06:01 - Starting C:\Program Files\nodejs\node.exe  --harmony C:\Code\AthenaAPI\node_modules\node-windows\lib\wrapper.js --file C:\Code\AthenaAPI\server.js --scriptoptions= --log "Athena API wrapper" --grow 0.25 --wait 1 --maxrestarts 3 --abortonerror n --stopparentfirst undefined
2024-09-04 16:06:03 - Started 8464
2024-09-04 16:06:07 - Stopping athenaapi.exe
2024-09-04 16:06:07 - ProcessKill 8464
2024-09-04 16:06:08 - Found child process: 10428 Name: conhost.exe
2024-09-04 16:06:08 - Found child process: 10544 Name: cmd.exe
2024-09-04 16:06:08 - Found child process: 3904 Name: node.exe
2024-09-04 16:06:08 - Stopping process 10428
2024-09-04 16:06:08 - Send SIGINT 10428
2024-09-04 16:06:08 - SIGINT to 10428 failed - Killing as fallback
2024-09-04 16:06:08 - Found child process: 4668 Name: eventcreate.exe
2024-09-04 16:06:08 - Stopping process 4668
2024-09-04 16:06:08 - Send SIGINT 4668
2024-09-04 16:06:08 - SIGINT to 4668 failed - Killing as fallback
2024-09-04 16:06:08 - Stopping process 10544
2024-09-04 16:06:08 - Send SIGINT 10544
2024-09-04 16:06:08 - SIGINT to 10544 failed - Killing as fallback
2024-09-04 16:06:08 - Stopping process 3904
2024-09-04 16:06:08 - Send SIGINT 3904
2024-09-04 16:06:08 - SIGINT to 3904 failed - Killing as fallback
2024-09-04 16:06:08 - Stopping process 8464
2024-09-04 16:06:08 - Send SIGINT 8464
2024-09-04 16:06:08 - SIGINT to 8464 failed - Killing as fallback
2024-09-04 16:06:08 - Finished athenaapi.exe
2024-09-04 16:06:09 - Starting C:\Program Files\nodejs\node.exe  --harmony C:\Code\AthenaAPI\node_modules\node-windows\lib\wrapper.js --file C:\Code\AthenaAPI\server.js --scriptoptions= --log "Athena API wrapper" --grow 0.25 --wait 1 --maxrestarts 3 --abortonerror n --stopparentfirst undefined
2024-09-04 16:06:10 - Started 3076
2024-09-04 16:07:05 - Starting C:\Program Files\nodejs\node.exe  --harmony C:\Code\AthenaAPI\node_modules\node-windows\lib\wrapper.js --file C:\Code\AthenaAPI\server.js --scriptoptions= --log "Athena API wrapper" --grow 0.25 --wait 1 --maxrestarts 3 --abortonerror n --stopparentfirst undefined
2024-09-04 16:07:06 - Started 1344
2024-09-04 16:07:42 - Starting C:\Program Files\nodejs\node.exe  --harmony C:\Code\AthenaAPI\node_modules\node-windows\lib\wrapper.js --file C:\Code\AthenaAPI\server.js --scriptoptions= --log "Athena API wrapper" --grow 0.25 --wait 1 --maxrestarts 3 --abortonerror n --stopparentfirst undefined
2024-09-04 16:07:43 - Started 4356
2024-09-04 16:19:35 - Starting C:\Program Files\nodejs\node.exe  --harmony C:\Code\AthenaAPI\node_modules\node-windows\lib\wrapper.js --file C:\Code\AthenaAPI\server.js --scriptoptions= --log "Athena API wrapper" --grow 0.25 --wait 1 --maxrestarts 3 --abortonerror n --stopparentfirst undefined
2024-09-04 16:19:36 - Started 9340
2024-09-06 17:03:04 - Stopping athenaapi.exe
2024-09-06 17:03:05 - ProcessKill 9340
2024-09-06 17:03:08 - Shutdown exception
Message:A system shutdown is in progress. (Exception from HRESULT: 0x8007045B)
Stacktrace:   at System.Runtime.InteropServices.Marshal.ThrowExceptionForHRInternal(Int32 errorCode, IntPtr errorInfo)
   at System.Management.ManagementScope.InitializeGuts(Object o)
   at System.Management.ManagementScope.Initialize()
   at System.Management.ManagementObjectSearcher.Initialize()
   at System.Management.ManagementObjectSearcher.Get()
   at winsw.WrapperService.GetChildPids(Int32 pid)
   at winsw.WrapperService.StopProcessAndChildren(Int32 pid)
   at winsw.WrapperService.StopIt()
   at winsw.WrapperService.OnShutdown()
2024-09-06 17:04:00 - Starting C:\Program Files\nodejs\node.exe  --harmony C:\Code\AthenaAPI\node_modules\node-windows\lib\wrapper.js --file C:\Code\AthenaAPI\server.js --scriptoptions= --log "Athena API wrapper" --grow 0.25 --wait 1 --maxrestarts 3 --abortonerror n --stopparentfirst undefined
2024-09-06 17:04:00 - Started 6644
2024-09-10 14:01:10 - Stopping athenaapi.exe
2024-09-10 14:01:10 - ProcessKill 6644
2024-09-10 14:01:10 - Found child process: 6660 Name: conhost.exe
2024-09-10 14:01:10 - Found child process: 6488 Name: node.exe
2024-09-10 14:01:10 - Stopping process 6660
2024-09-10 14:01:11 - Send SIGINT 6660
2024-09-10 14:01:11 - SIGINT to 6660 failed - Killing as fallback
2024-09-10 14:01:11 - Stopping process 6488
2024-09-10 14:01:11 - Send SIGINT 6488
2024-09-10 14:01:11 - SIGINT to 6488 failed - Killing as fallback
2024-09-10 14:01:11 - Stopping process 6644
2024-09-10 14:01:11 - Send SIGINT 6644
2024-09-10 14:01:11 - SIGINT to 6644 failed - Killing as fallback
2024-09-10 14:01:11 - Finished athenaapi.exe
2024-09-10 14:01:12 - Starting C:\Program Files\nodejs\node.exe  --harmony C:\Code\AthenaAPI\node_modules\node-windows\lib\wrapper.js --file C:\Code\AthenaAPI\server.js --scriptoptions= --log "Athena API wrapper" --grow 0.25 --wait 1 --maxrestarts 3 --abortonerror n --stopparentfirst undefined
2024-09-10 14:01:14 - Started 14208
2024-09-13 14:52:15 - Stopping athenaapi.exe
2024-09-13 14:52:15 - ProcessKill 14208
2024-09-13 14:52:16 - Found child process: 1860 Name: conhost.exe
2024-09-13 14:52:16 - Found child process: 9452 Name: node.exe
2024-09-13 14:52:16 - Stopping process 1860
2024-09-13 14:52:16 - Send SIGINT 1860
2024-09-13 14:52:16 - SIGINT to 1860 failed - Killing as fallback
2024-09-13 14:52:16 - Stopping process 9452
2024-09-13 14:52:16 - Send SIGINT 9452
2024-09-13 14:52:16 - SIGINT to 9452 failed - Killing as fallback
2024-09-13 14:52:16 - Stopping process 14208
2024-09-13 14:52:16 - Send SIGINT 14208
2024-09-13 14:52:16 - SIGINT to 14208 failed - Killing as fallback
2024-09-13 14:52:16 - Finished athenaapi.exe
2024-09-13 14:52:17 - Starting C:\Program Files\nodejs\node.exe  --harmony C:\Code\AthenaAPI\node_modules\node-windows\lib\wrapper.js --file C:\Code\AthenaAPI\server.js --scriptoptions= --log "Athena API wrapper" --grow 0.25 --wait 1 --maxrestarts 3 --abortonerror n --stopparentfirst undefined
2024-09-13 14:52:19 - Started 12912
2024-09-13 17:10:52 - Stopping athenaapi.exe
2024-09-13 17:10:52 - ProcessKill 12912
2024-09-13 17:11:00 - Shutdown exception
Message:A system shutdown is in progress. (Exception from HRESULT: 0x8007045B)
Stacktrace:   at System.Runtime.InteropServices.Marshal.ThrowExceptionForHRInternal(Int32 errorCode, IntPtr errorInfo)
   at System.Management.ManagementScope.InitializeGuts(Object o)
   at System.Management.ManagementScope.Initialize()
   at System.Management.ManagementObjectSearcher.Initialize()
   at System.Management.ManagementObjectSearcher.Get()
   at winsw.WrapperService.GetChildPids(Int32 pid)
   at winsw.WrapperService.StopProcessAndChildren(Int32 pid)
   at winsw.WrapperService.StopIt()
   at winsw.WrapperService.OnShutdown()
2024-09-13 17:40:02 - Starting C:\Program Files\nodejs\node.exe  --harmony C:\Code\AthenaAPI\node_modules\node-windows\lib\wrapper.js --file C:\Code\AthenaAPI\server.js --scriptoptions= --log "Athena API wrapper" --grow 0.25 --wait 1 --maxrestarts 3 --abortonerror n --stopparentfirst undefined
2024-09-13 17:40:02 - Started 6056
2024-09-13 17:46:47 - Stopping athenaapi.exe
2024-09-13 17:46:47 - ProcessKill 6056
2024-09-13 17:46:49 - Shutdown exception
Message:A system shutdown is in progress. (Exception from HRESULT: 0x8007045B)
Stacktrace:   at System.Runtime.InteropServices.Marshal.ThrowExceptionForHRInternal(Int32 errorCode, IntPtr errorInfo)
   at System.Management.ManagementScope.InitializeGuts(Object o)
   at System.Management.ManagementScope.Initialize()
   at System.Management.ManagementObjectSearcher.Initialize()
   at System.Management.ManagementObjectSearcher.Get()
   at winsw.WrapperService.GetChildPids(Int32 pid)
   at winsw.WrapperService.StopProcessAndChildren(Int32 pid)
   at winsw.WrapperService.StopIt()
   at winsw.WrapperService.OnShutdown()
2024-09-13 17:48:58 - Starting C:\Program Files\nodejs\node.exe  --harmony C:\Code\AthenaAPI\node_modules\node-windows\lib\wrapper.js --file C:\Code\AthenaAPI\server.js --scriptoptions= --log "Athena API wrapper" --grow 0.25 --wait 1 --maxrestarts 3 --abortonerror n --stopparentfirst undefined
2024-09-13 17:48:58 - Started 6972
2024-09-13 18:03:08 - Stopping athenaapi.exe
2024-09-13 18:03:09 - ProcessKill 6972
2024-09-13 18:03:10 - Shutdown exception
Message:A system shutdown is in progress. (Exception from HRESULT: 0x8007045B)
Stacktrace:   at System.Runtime.InteropServices.Marshal.ThrowExceptionForHRInternal(Int32 errorCode, IntPtr errorInfo)
   at System.Management.ManagementScope.InitializeGuts(Object o)
   at System.Management.ManagementScope.Initialize()
   at System.Management.ManagementObjectSearcher.Initialize()
   at System.Management.ManagementObjectSearcher.Get()
   at winsw.WrapperService.GetChildPids(Int32 pid)
   at winsw.WrapperService.StopProcessAndChildren(Int32 pid)
   at winsw.WrapperService.StopIt()
   at winsw.WrapperService.OnShutdown()
2024-09-13 18:04:25 - Starting C:\Program Files\nodejs\node.exe  --harmony C:\Code\AthenaAPI\node_modules\node-windows\lib\wrapper.js --file C:\Code\AthenaAPI\server.js --scriptoptions= --log "Athena API wrapper" --grow 0.25 --wait 1 --maxrestarts 3 --abortonerror n --stopparentfirst undefined
2024-09-13 18:04:25 - Started 6440
2024-09-16 09:09:20 - Starting C:\Program Files\nodejs\node.exe  --harmony C:\Code\AthenaAPI\node_modules\node-windows\lib\wrapper.js --file C:\Code\AthenaAPI\server.js --scriptoptions= --log "Athena API wrapper" --grow 0.25 --wait 1 --maxrestarts 3 --abortonerror n --stopparentfirst undefined
2024-09-16 09:09:26 - Started 7472
2024-09-16 14:20:27 - Stopping athenaapi.exe
2024-09-16 14:20:27 - ProcessKill 7472
2024-09-16 14:20:28 - Found child process: 5800 Name: conhost.exe
2024-09-16 14:20:28 - Found child process: 4200 Name: node.exe
2024-09-16 14:20:28 - Stopping process 5800
2024-09-16 14:20:28 - Send SIGINT 5800
2024-09-16 14:20:28 - SIGINT to 5800 failed - Killing as fallback
2024-09-16 14:20:28 - Stopping process 4200
2024-09-16 14:20:28 - Send SIGINT 4200
2024-09-16 14:20:28 - SIGINT to 4200 failed - Killing as fallback
2024-09-16 14:20:28 - Stopping process 7472
2024-09-16 14:20:28 - Send SIGINT 7472
2024-09-16 14:20:28 - SIGINT to 7472 failed - Killing as fallback
2024-09-16 14:20:28 - Finished athenaapi.exe
2024-09-16 14:20:29 - Starting C:\Program Files\nodejs\node.exe  --harmony C:\Code\AthenaAPI\node_modules\node-windows\lib\wrapper.js --file C:\Code\AthenaAPI\server.js --scriptoptions= --log "Athena API wrapper" --grow 0.25 --wait 1 --maxrestarts 3 --abortonerror n --stopparentfirst undefined
2024-09-16 14:20:30 - Started 5212
2024-09-17 15:15:04 - Stopping athenaapi.exe
2024-09-17 15:15:04 - ProcessKill 5212
2024-09-17 15:15:04 - Found child process: 11036 Name: conhost.exe
2024-09-17 15:15:04 - Found child process: 8284 Name: node.exe
2024-09-17 15:15:04 - Stopping process 11036
2024-09-17 15:15:04 - Send SIGINT 11036
2024-09-17 15:15:04 - SIGINT to 11036 failed - Killing as fallback
2024-09-17 15:15:04 - Stopping process 8284
2024-09-17 15:15:04 - Send SIGINT 8284
2024-09-17 15:15:04 - SIGINT to 8284 failed - Killing as fallback
2024-09-17 15:15:04 - Stopping process 5212
2024-09-17 15:15:04 - Send SIGINT 5212
2024-09-17 15:15:04 - SIGINT to 5212 failed - Killing as fallback
2024-09-17 15:15:04 - Finished athenaapi.exe
2024-09-17 15:15:05 - Starting C:\Program Files\nodejs\node.exe  --harmony C:\Code\AthenaAPI\node_modules\node-windows\lib\wrapper.js --file C:\Code\AthenaAPI\server.js --scriptoptions= --log "Athena API wrapper" --grow 0.25 --wait 1 --maxrestarts 3 --abortonerror n --stopparentfirst undefined
2024-09-17 15:15:07 - Started 2176
2024-09-17 19:18:59 - Stopping athenaapi.exe
2024-09-17 19:18:59 - ProcessKill 2176
2024-09-17 19:18:59 - Found child process: 12044 Name: conhost.exe
2024-09-17 19:18:59 - Found child process: 10272 Name: node.exe
2024-09-17 19:18:59 - Stopping process 12044
2024-09-17 19:18:59 - Send SIGINT 12044
2024-09-17 19:18:59 - SIGINT to 12044 failed - Killing as fallback
2024-09-17 19:18:59 - Stopping process 10272
2024-09-17 19:18:59 - Send SIGINT 10272
2024-09-17 19:18:59 - SIGINT to 10272 failed - Killing as fallback
2024-09-17 19:18:59 - Stopping process 2176
2024-09-17 19:18:59 - Send SIGINT 2176
2024-09-17 19:18:59 - SIGINT to 2176 failed - Killing as fallback
2024-09-17 19:18:59 - Finished athenaapi.exe
2024-09-17 19:19:00 - Starting C:\Program Files\nodejs\node.exe  --harmony C:\Code\AthenaAPI\node_modules\node-windows\lib\wrapper.js --file C:\Code\AthenaAPI\server.js --scriptoptions= --log "Athena API wrapper" --grow 0.25 --wait 1 --maxrestarts 3 --abortonerror n --stopparentfirst undefined
2024-09-17 19:19:02 - Started 10172
2024-09-24 10:41:33 - Stopping athenaapi.exe
2024-09-24 10:41:33 - ProcessKill 10172
2024-09-24 10:41:34 - Shutdown exception
Message:A system shutdown is in progress. (Exception from HRESULT: 0x8007045B)
Stacktrace:   at System.Runtime.InteropServices.Marshal.ThrowExceptionForHRInternal(Int32 errorCode, IntPtr errorInfo)
   at System.Management.ManagementScope.InitializeGuts(Object o)
   at System.Management.ManagementScope.Initialize()
   at System.Management.ManagementObjectSearcher.Initialize()
   at System.Management.ManagementObjectSearcher.Get()
   at winsw.WrapperService.GetChildPids(Int32 pid)
   at winsw.WrapperService.StopProcessAndChildren(Int32 pid)
   at winsw.WrapperService.StopIt()
   at winsw.WrapperService.OnShutdown()
2024-09-24 10:44:22 - Starting C:\Program Files\nodejs\node.exe  --harmony C:\Code\AthenaAPI\node_modules\node-windows\lib\wrapper.js --file C:\Code\AthenaAPI\server.js --scriptoptions= --log "Athena API wrapper" --grow 0.25 --wait 1 --maxrestarts 3 --abortonerror n --stopparentfirst undefined
2024-09-24 10:44:23 - Started 6580
2024-09-24 10:45:53 - Stopping athenaapi.exe
2024-09-24 10:45:53 - ProcessKill 6580
2024-09-24 10:45:55 - Shutdown exception
Message:A system shutdown is in progress. (Exception from HRESULT: 0x8007045B)
Stacktrace:   at System.Runtime.InteropServices.Marshal.ThrowExceptionForHRInternal(Int32 errorCode, IntPtr errorInfo)
   at System.Management.ManagementScope.InitializeGuts(Object o)
   at System.Management.ManagementScope.Initialize()
   at System.Management.ManagementObjectSearcher.Initialize()
   at System.Management.ManagementObjectSearcher.Get()
   at winsw.WrapperService.GetChildPids(Int32 pid)
   at winsw.WrapperService.StopProcessAndChildren(Int32 pid)
   at winsw.WrapperService.StopIt()
   at winsw.WrapperService.OnShutdown()
2024-09-24 10:56:03 - Starting C:\Program Files\nodejs\node.exe  --harmony C:\Code\AthenaAPI\node_modules\node-windows\lib\wrapper.js --file C:\Code\AthenaAPI\server.js --scriptoptions= --log "Athena API wrapper" --grow 0.25 --wait 1 --maxrestarts 3 --abortonerror n --stopparentfirst undefined
2024-09-24 10:56:03 - Started 6588
2024-09-25 17:50:44 - Stopping athenaapi.exe
2024-09-25 17:50:44 - ProcessKill 6588
2024-09-25 17:50:44 - Found child process: 6612 Name: conhost.exe
2024-09-25 17:50:44 - Found child process: 6856 Name: node.exe
2024-09-25 17:50:44 - Stopping process 6612
2024-09-25 17:50:44 - Send SIGINT 6612
2024-09-25 17:50:44 - SIGINT to 6612 failed - Killing as fallback
2024-09-25 17:50:44 - Stopping process 6856
2024-09-25 17:50:44 - Send SIGINT 6856
2024-09-25 17:50:44 - SIGINT to 6856 failed - Killing as fallback
2024-09-25 17:50:44 - Stopping process 6588
2024-09-25 17:50:44 - Send SIGINT 6588
2024-09-25 17:50:44 - SIGINT to 6588 failed - Killing as fallback
2024-09-25 17:50:44 - Finished athenaapi.exe
2024-09-25 17:50:46 - Starting C:\Program Files\nodejs\node.exe  --harmony C:\Code\AthenaAPI\node_modules\node-windows\lib\wrapper.js --file C:\Code\AthenaAPI\server.js --scriptoptions= --log "Athena API wrapper" --grow 0.25 --wait 1 --maxrestarts 3 --abortonerror n --stopparentfirst undefined
2024-09-25 17:50:51 - Started 10832
2024-09-25 18:05:44 - Stopping athenaapi.exe
2024-09-25 18:05:44 - ProcessKill 10832
2024-09-25 18:05:45 - Found child process: 10916 Name: conhost.exe
2024-09-25 18:05:45 - Found child process: 11020 Name: node.exe
2024-09-25 18:05:45 - Stopping process 10916
2024-09-25 18:05:45 - Send SIGINT 10916
2024-09-25 18:05:45 - SIGINT to 10916 failed - Killing as fallback
2024-09-25 18:05:45 - Stopping process 11020
2024-09-25 18:05:45 - Send SIGINT 11020
2024-09-25 18:05:45 - SIGINT to 11020 failed - Killing as fallback
2024-09-25 18:05:45 - Stopping process 10832
2024-09-25 18:05:45 - Send SIGINT 10832
2024-09-25 18:05:45 - SIGINT to 10832 failed - Killing as fallback
2024-09-25 18:05:45 - Finished athenaapi.exe
2024-09-25 18:05:47 - Starting C:\Program Files\nodejs\node.exe  --harmony C:\Code\AthenaAPI\node_modules\node-windows\lib\wrapper.js --file C:\Code\AthenaAPI\server.js --scriptoptions= --log "Athena API wrapper" --grow 0.25 --wait 1 --maxrestarts 3 --abortonerror n --stopparentfirst undefined
2024-09-25 18:05:49 - Started 10592
2024-09-30 13:05:13 - Stopping athenaapi.exe
2024-09-30 13:05:13 - ProcessKill 10592
2024-09-30 13:05:14 - Found child process: 9620 Name: conhost.exe
2024-09-30 13:05:14 - Found child process: 10068 Name: node.exe
2024-09-30 13:05:14 - Stopping process 9620
2024-09-30 13:05:14 - Send SIGINT 9620
2024-09-30 13:05:14 - SIGINT to 9620 failed - Killing as fallback
2024-09-30 13:05:14 - Stopping process 10068
2024-09-30 13:05:14 - Send SIGINT 10068
2024-09-30 13:05:14 - SIGINT to 10068 failed - Killing as fallback
2024-09-30 13:05:14 - Stopping process 10592
2024-09-30 13:05:14 - Send SIGINT 10592
2024-09-30 13:05:14 - SIGINT to 10592 failed - Killing as fallback
2024-09-30 13:05:14 - Finished athenaapi.exe
2024-09-30 13:05:17 - Starting C:\Program Files\nodejs\node.exe  --harmony C:\Code\AthenaAPI\node_modules\node-windows\lib\wrapper.js --file C:\Code\AthenaAPI\server.js --scriptoptions= --log "Athena API wrapper" --grow 0.25 --wait 1 --maxrestarts 3 --abortonerror n --stopparentfirst undefined
2024-09-30 13:05:18 - Started 6304
2024-09-30 13:10:25 - Stopping athenaapi.exe
2024-09-30 13:10:25 - ProcessKill 6304
2024-09-30 13:10:25 - Found child process: 10256 Name: conhost.exe
2024-09-30 13:10:25 - Found child process: 10940 Name: node.exe
2024-09-30 13:10:25 - Stopping process 10256
2024-09-30 13:10:25 - Send SIGINT 10256
2024-09-30 13:10:25 - SIGINT to 10256 failed - Killing as fallback
2024-09-30 13:10:25 - Stopping process 10940
2024-09-30 13:10:25 - Send SIGINT 10940
2024-09-30 13:10:25 - SIGINT to 10940 failed - Killing as fallback
2024-09-30 13:10:25 - Stopping process 6304
2024-09-30 13:10:25 - Send SIGINT 6304
2024-09-30 13:10:25 - SIGINT to 6304 failed - Killing as fallback
2024-09-30 13:10:25 - Finished athenaapi.exe
2024-09-30 13:10:27 - Starting C:\Program Files\nodejs\node.exe  --harmony C:\Code\AthenaAPI\node_modules\node-windows\lib\wrapper.js --file C:\Code\AthenaAPI\server.js --scriptoptions= --log "Athena API wrapper" --grow 0.25 --wait 1 --maxrestarts 3 --abortonerror n --stopparentfirst undefined
2024-09-30 13:10:28 - Started 4248
2024-09-30 13:10:49 - Stopping athenaapi.exe
2024-09-30 13:10:49 - ProcessKill 4248
2024-09-30 13:10:49 - Found child process: 6448 Name: conhost.exe
2024-09-30 13:10:49 - Found child process: 10416 Name: node.exe
2024-09-30 13:10:49 - Stopping process 6448
2024-09-30 13:10:49 - Send SIGINT 6448
2024-09-30 13:10:49 - SIGINT to 6448 failed - Killing as fallback
2024-09-30 13:10:49 - Stopping process 10416
2024-09-30 13:10:49 - Send SIGINT 10416
2024-09-30 13:10:49 - SIGINT to 10416 failed - Killing as fallback
2024-09-30 13:10:50 - Stopping process 4248
2024-09-30 13:10:50 - Send SIGINT 4248
2024-09-30 13:10:50 - SIGINT to 4248 failed - Killing as fallback
2024-09-30 13:10:50 - Finished athenaapi.exe
2024-09-30 13:10:51 - Starting C:\Program Files\nodejs\node.exe  --harmony C:\Code\AthenaAPI\node_modules\node-windows\lib\wrapper.js --file C:\Code\AthenaAPI\server.js --scriptoptions= --log "Athena API wrapper" --grow 0.25 --wait 1 --maxrestarts 3 --abortonerror n --stopparentfirst undefined
2024-09-30 13:10:52 - Started 15308
2024-09-30 13:12:27 - Stopping athenaapi.exe
2024-09-30 13:12:27 - ProcessKill 15308
2024-09-30 13:12:27 - Found child process: 4980 Name: conhost.exe
2024-09-30 13:12:27 - Found child process: 2728 Name: node.exe
2024-09-30 13:12:28 - Stopping process 4980
2024-09-30 13:12:28 - Send SIGINT 4980
2024-09-30 13:12:28 - SIGINT to 4980 failed - Killing as fallback
2024-09-30 13:12:28 - Stopping process 2728
2024-09-30 13:12:28 - Send SIGINT 2728
2024-09-30 13:12:28 - SIGINT to 2728 failed - Killing as fallback
2024-09-30 13:12:28 - Stopping process 15308
2024-09-30 13:12:28 - Send SIGINT 15308
2024-09-30 13:12:28 - SIGINT to 15308 failed - Killing as fallback
2024-09-30 13:12:28 - Finished athenaapi.exe
2024-09-30 13:12:29 - Starting C:\Program Files\nodejs\node.exe  --harmony C:\Code\AthenaAPI\node_modules\node-windows\lib\wrapper.js --file C:\Code\AthenaAPI\server.js --scriptoptions= --log "Athena API wrapper" --grow 0.25 --wait 1 --maxrestarts 3 --abortonerror n --stopparentfirst undefined
2024-09-30 13:12:30 - Started 9992
2024-09-30 13:14:42 - Stopping athenaapi.exe
2024-09-30 13:14:42 - ProcessKill 9992
2024-09-30 13:14:42 - Found child process: 13796 Name: conhost.exe
2024-09-30 13:14:42 - Found child process: 14628 Name: node.exe
2024-09-30 13:14:42 - Stopping process 13796
2024-09-30 13:14:42 - Send SIGINT 13796
2024-09-30 13:14:42 - SIGINT to 13796 failed - Killing as fallback
2024-09-30 13:14:42 - Stopping process 14628
2024-09-30 13:14:42 - Send SIGINT 14628
2024-09-30 13:14:42 - SIGINT to 14628 failed - Killing as fallback
2024-09-30 13:14:42 - Stopping process 9992
2024-09-30 13:14:42 - Send SIGINT 9992
2024-09-30 13:14:42 - SIGINT to 9992 failed - Killing as fallback
2024-09-30 13:14:43 - Finished athenaapi.exe
2024-09-30 13:14:44 - Starting C:\Program Files\nodejs\node.exe  --harmony C:\Code\AthenaAPI\node_modules\node-windows\lib\wrapper.js --file C:\Code\AthenaAPI\server.js --scriptoptions= --log "Athena API wrapper" --grow 0.25 --wait 1 --maxrestarts 3 --abortonerror n --stopparentfirst undefined
2024-09-30 13:14:45 - Started 13808
2024-09-30 13:18:25 - Stopping athenaapi.exe
2024-09-30 13:18:25 - ProcessKill 13808
2024-09-30 13:18:25 - Found child process: 12704 Name: conhost.exe
2024-09-30 13:18:25 - Found child process: 9768 Name: node.exe
2024-09-30 13:18:25 - Stopping process 12704
2024-09-30 13:18:25 - Send SIGINT 12704
2024-09-30 13:18:25 - SIGINT to 12704 failed - Killing as fallback
2024-09-30 13:18:25 - Stopping process 9768
2024-09-30 13:18:25 - Send SIGINT 9768
2024-09-30 13:18:25 - SIGINT to 9768 failed - Killing as fallback
2024-09-30 13:18:25 - Stopping process 13808
2024-09-30 13:18:25 - Send SIGINT 13808
2024-09-30 13:18:25 - SIGINT to 13808 failed - Killing as fallback
2024-09-30 13:18:25 - Finished athenaapi.exe
2024-09-30 13:18:27 - Starting C:\Program Files\nodejs\node.exe  --harmony C:\Code\AthenaAPI\node_modules\node-windows\lib\wrapper.js --file C:\Code\AthenaAPI\server.js --scriptoptions= --log "Athena API wrapper" --grow 0.25 --wait 1 --maxrestarts 3 --abortonerror n --stopparentfirst undefined
2024-09-30 13:18:28 - Started 13928
2024-09-30 13:19:05 - Stopping athenaapi.exe
2024-09-30 13:19:05 - ProcessKill 13928
2024-09-30 13:19:06 - Found child process: 15124 Name: conhost.exe
2024-09-30 13:19:06 - Found child process: 9792 Name: node.exe
2024-09-30 13:19:06 - Stopping process 15124
2024-09-30 13:19:06 - Send SIGINT 15124
2024-09-30 13:19:06 - SIGINT to 15124 failed - Killing as fallback
2024-09-30 13:19:06 - Stopping process 9792
2024-09-30 13:19:06 - Send SIGINT 9792
2024-09-30 13:19:06 - SIGINT to 9792 failed - Killing as fallback
2024-09-30 13:19:06 - Stopping process 13928
2024-09-30 13:19:06 - Send SIGINT 13928
2024-09-30 13:19:06 - SIGINT to 13928 failed - Killing as fallback
2024-09-30 13:19:06 - Finished athenaapi.exe
2024-09-30 13:19:08 - Starting C:\Program Files\nodejs\node.exe  --harmony C:\Code\AthenaAPI\node_modules\node-windows\lib\wrapper.js --file C:\Code\AthenaAPI\server.js --scriptoptions= --log "Athena API wrapper" --grow 0.25 --wait 1 --maxrestarts 3 --abortonerror n --stopparentfirst undefined
2024-09-30 13:19:09 - Started 14964
2024-10-08 10:37:48 - Stopping athenaapi.exe
2024-10-08 10:37:48 - ProcessKill 14964
2024-10-08 10:37:49 - Found child process: 8244 Name: conhost.exe
2024-10-08 10:37:49 - Found child process: 11624 Name: node.exe
2024-10-08 10:37:49 - Stopping process 8244
2024-10-08 10:37:49 - Send SIGINT 8244
2024-10-08 10:37:49 - SIGINT to 8244 failed - Killing as fallback
2024-10-08 10:37:49 - Stopping process 11624
2024-10-08 10:37:49 - Send SIGINT 11624
2024-10-08 10:37:49 - SIGINT to 11624 failed - Killing as fallback
2024-10-08 10:37:49 - Stopping process 14964
2024-10-08 10:37:49 - Send SIGINT 14964
2024-10-08 10:37:49 - SIGINT to 14964 failed - Killing as fallback
2024-10-08 10:37:49 - Finished athenaapi.exe
2024-10-08 10:37:51 - Starting C:\Program Files\nodejs\node.exe  --harmony C:\Code\AthenaAPI\node_modules\node-windows\lib\wrapper.js --file C:\Code\AthenaAPI\server.js --scriptoptions= --log "Athena API wrapper" --grow 0.25 --wait 1 --maxrestarts 3 --abortonerror n --stopparentfirst undefined
2024-10-08 10:37:53 - Started 11052
2024-10-08 10:44:26 - Stopping athenaapi.exe
2024-10-08 10:44:26 - ProcessKill 11052
2024-10-08 10:44:26 - Found child process: 15016 Name: conhost.exe
2024-10-08 10:44:26 - Found child process: 11880 Name: node.exe
2024-10-08 10:44:26 - Stopping process 15016
2024-10-08 10:44:26 - Send SIGINT 15016
2024-10-08 10:44:26 - SIGINT to 15016 failed - Killing as fallback
2024-10-08 10:44:26 - Stopping process 11880
2024-10-08 10:44:26 - Send SIGINT 11880
2024-10-08 10:44:26 - SIGINT to 11880 failed - Killing as fallback
2024-10-08 10:44:26 - Stopping process 11052
2024-10-08 10:44:26 - Send SIGINT 11052
2024-10-08 10:44:26 - SIGINT to 11052 failed - Killing as fallback
2024-10-08 10:44:27 - Finished athenaapi.exe
2024-10-08 10:44:28 - Starting C:\Program Files\nodejs\node.exe  --harmony C:\Code\AthenaAPI\node_modules\node-windows\lib\wrapper.js --file C:\Code\AthenaAPI\server.js --scriptoptions= --log "Athena API wrapper" --grow 0.25 --wait 1 --maxrestarts 3 --abortonerror n --stopparentfirst undefined
2024-10-08 10:44:29 - Started 2412
2024-10-08 10:48:02 - Stopping athenaapi.exe
2024-10-08 10:48:02 - ProcessKill 2412
2024-10-08 10:48:03 - Found child process: 5284 Name: conhost.exe
2024-10-08 10:48:03 - Found child process: 15140 Name: node.exe
2024-10-08 10:48:03 - Stopping process 5284
2024-10-08 10:48:03 - Send SIGINT 5284
2024-10-08 10:48:03 - SIGINT to 5284 failed - Killing as fallback
2024-10-08 10:48:03 - Stopping process 15140
2024-10-08 10:48:03 - Send SIGINT 15140
2024-10-08 10:48:03 - SIGINT to 15140 failed - Killing as fallback
2024-10-08 10:48:03 - Stopping process 2412
2024-10-08 10:48:03 - Send SIGINT 2412
2024-10-08 10:48:03 - SIGINT to 2412 failed - Killing as fallback
2024-10-08 10:48:03 - Finished athenaapi.exe
2024-10-08 10:48:05 - Starting C:\Program Files\nodejs\node.exe  --harmony C:\Code\AthenaAPI\node_modules\node-windows\lib\wrapper.js --file C:\Code\AthenaAPI\server.js --scriptoptions= --log "Athena API wrapper" --grow 0.25 --wait 1 --maxrestarts 3 --abortonerror n --stopparentfirst undefined
2024-10-08 10:48:06 - Started 11192
2024-10-08 10:54:17 - Stopping athenaapi.exe
2024-10-08 10:54:17 - ProcessKill 11192
2024-10-08 10:54:17 - Found child process: 7028 Name: conhost.exe
2024-10-08 10:54:17 - Found child process: 11056 Name: node.exe
2024-10-08 10:54:17 - Stopping process 7028
2024-10-08 10:54:17 - Send SIGINT 7028
2024-10-08 10:54:18 - SIGINT to 7028 failed - Killing as fallback
2024-10-08 10:54:18 - Stopping process 11056
2024-10-08 10:54:18 - Send SIGINT 11056
2024-10-08 10:54:18 - SIGINT to 11056 failed - Killing as fallback
2024-10-08 10:54:18 - Stopping process 11192
2024-10-08 10:54:18 - Send SIGINT 11192
2024-10-08 10:54:18 - SIGINT to 11192 failed - Killing as fallback
2024-10-08 10:54:18 - Finished athenaapi.exe
2024-10-08 10:54:20 - Starting C:\Program Files\nodejs\node.exe  --harmony C:\Code\AthenaAPI\node_modules\node-windows\lib\wrapper.js --file C:\Code\AthenaAPI\server.js --scriptoptions= --log "Athena API wrapper" --grow 0.25 --wait 1 --maxrestarts 3 --abortonerror n --stopparentfirst undefined
2024-10-08 10:54:21 - Started 7324
2024-10-08 10:59:46 - Stopping athenaapi.exe
2024-10-08 10:59:46 - ProcessKill 7324
2024-10-08 10:59:47 - Found child process: 8948 Name: conhost.exe
2024-10-08 10:59:47 - Found child process: 14092 Name: node.exe
2024-10-08 10:59:47 - Stopping process 8948
2024-10-08 10:59:47 - Send SIGINT 8948
2024-10-08 10:59:47 - SIGINT to 8948 failed - Killing as fallback
2024-10-08 10:59:47 - Stopping process 14092
2024-10-08 10:59:47 - Send SIGINT 14092
2024-10-08 10:59:47 - SIGINT to 14092 failed - Killing as fallback
2024-10-08 10:59:47 - Stopping process 7324
2024-10-08 10:59:47 - Send SIGINT 7324
2024-10-08 10:59:47 - SIGINT to 7324 failed - Killing as fallback
2024-10-08 10:59:47 - Finished athenaapi.exe
2024-10-08 10:59:49 - Starting C:\Program Files\nodejs\node.exe  --harmony C:\Code\AthenaAPI\node_modules\node-windows\lib\wrapper.js --file C:\Code\AthenaAPI\server.js --scriptoptions= --log "Athena API wrapper" --grow 0.25 --wait 1 --maxrestarts 3 --abortonerror n --stopparentfirst undefined
2024-10-08 10:59:50 - Started 9404
2024-10-08 11:04:10 - Stopping athenaapi.exe
2024-10-08 11:04:10 - ProcessKill 9404
2024-10-08 11:04:10 - Found child process: 14140 Name: conhost.exe
2024-10-08 11:04:10 - Found child process: 13612 Name: node.exe
2024-10-08 11:04:10 - Stopping process 14140
2024-10-08 11:04:10 - Send SIGINT 14140
2024-10-08 11:04:10 - SIGINT to 14140 failed - Killing as fallback
2024-10-08 11:04:11 - Stopping process 13612
2024-10-08 11:04:11 - Send SIGINT 13612
2024-10-08 11:04:11 - SIGINT to 13612 failed - Killing as fallback
2024-10-08 11:04:11 - Stopping process 9404
2024-10-08 11:04:11 - Send SIGINT 9404
2024-10-08 11:04:11 - SIGINT to 9404 failed - Killing as fallback
2024-10-08 11:04:11 - Finished athenaapi.exe
2024-10-08 11:04:12 - Starting C:\Program Files\nodejs\node.exe  --harmony C:\Code\AthenaAPI\node_modules\node-windows\lib\wrapper.js --file C:\Code\AthenaAPI\server.js --scriptoptions= --log "Athena API wrapper" --grow 0.25 --wait 1 --maxrestarts 3 --abortonerror n --stopparentfirst undefined
2024-10-08 11:04:13 - Started 14320
2024-10-08 11:06:06 - Stopping athenaapi.exe
2024-10-08 11:06:06 - ProcessKill 14320
2024-10-08 11:06:06 - Found child process: 13424 Name: conhost.exe
2024-10-08 11:06:06 - Found child process: 10268 Name: node.exe
2024-10-08 11:06:06 - Stopping process 13424
2024-10-08 11:06:06 - Send SIGINT 13424
2024-10-08 11:06:06 - SIGINT to 13424 failed - Killing as fallback
2024-10-08 11:06:06 - Stopping process 10268
2024-10-08 11:06:06 - Send SIGINT 10268
2024-10-08 11:06:06 - SIGINT to 10268 failed - Killing as fallback
2024-10-08 11:06:06 - Stopping process 14320
2024-10-08 11:06:06 - Send SIGINT 14320
2024-10-08 11:06:06 - SIGINT to 14320 failed - Killing as fallback
2024-10-08 11:06:06 - Finished athenaapi.exe
2024-10-08 11:06:08 - Starting C:\Program Files\nodejs\node.exe  --harmony C:\Code\AthenaAPI\node_modules\node-windows\lib\wrapper.js --file C:\Code\AthenaAPI\server.js --scriptoptions= --log "Athena API wrapper" --grow 0.25 --wait 1 --maxrestarts 3 --abortonerror n --stopparentfirst undefined
2024-10-08 11:06:09 - Started 2220
2024-10-08 11:06:23 - Stopping athenaapi.exe
2024-10-08 11:06:23 - ProcessKill 2220
2024-10-08 11:06:24 - Found child process: 13948 Name: conhost.exe
2024-10-08 11:06:24 - Found child process: 14328 Name: node.exe
2024-10-08 11:06:24 - Stopping process 13948
2024-10-08 11:06:24 - Send SIGINT 13948
2024-10-08 11:06:24 - SIGINT to 13948 failed - Killing as fallback
2024-10-08 11:06:24 - Stopping process 14328
2024-10-08 11:06:24 - Send SIGINT 14328
2024-10-08 11:06:24 - SIGINT to 14328 failed - Killing as fallback
2024-10-08 11:06:24 - Stopping process 2220
2024-10-08 11:06:24 - Send SIGINT 2220
2024-10-08 11:06:24 - SIGINT to 2220 failed - Killing as fallback
2024-10-08 11:06:24 - Finished athenaapi.exe
2024-10-08 11:06:26 - Starting C:\Program Files\nodejs\node.exe  --harmony C:\Code\AthenaAPI\node_modules\node-windows\lib\wrapper.js --file C:\Code\AthenaAPI\server.js --scriptoptions= --log "Athena API wrapper" --grow 0.25 --wait 1 --maxrestarts 3 --abortonerror n --stopparentfirst undefined
2024-10-08 11:06:27 - Started 10384
2024-10-08 12:17:57 - Stopping athenaapi.exe
2024-10-08 12:17:57 - ProcessKill 10384
2024-10-08 12:17:58 - Found child process: 8628 Name: conhost.exe
2024-10-08 12:17:58 - Found child process: 14992 Name: node.exe
2024-10-08 12:17:58 - Stopping process 8628
2024-10-08 12:17:58 - Send SIGINT 8628
2024-10-08 12:17:58 - SIGINT to 8628 failed - Killing as fallback
2024-10-08 12:17:58 - Stopping process 14992
2024-10-08 12:17:58 - Send SIGINT 14992
2024-10-08 12:17:58 - SIGINT to 14992 failed - Killing as fallback
2024-10-08 12:17:58 - Stopping process 10384
2024-10-08 12:17:58 - Send SIGINT 10384
2024-10-08 12:17:58 - SIGINT to 10384 failed - Killing as fallback
2024-10-08 12:17:58 - Finished athenaapi.exe
2024-10-08 12:18:00 - Starting C:\Program Files\nodejs\node.exe  --harmony C:\Code\AthenaAPI\node_modules\node-windows\lib\wrapper.js --file C:\Code\AthenaAPI\server.js --scriptoptions= --log "Athena API wrapper" --grow 0.25 --wait 1 --maxrestarts 3 --abortonerror n --stopparentfirst undefined
2024-10-08 12:18:01 - Started 13808
2024-10-08 12:26:06 - Stopping athenaapi.exe
2024-10-08 12:26:06 - ProcessKill 13808
2024-10-08 12:26:06 - Found child process: 15216 Name: conhost.exe
2024-10-08 12:26:06 - Found child process: 6280 Name: node.exe
2024-10-08 12:26:06 - Stopping process 15216
2024-10-08 12:26:06 - Send SIGINT 15216
2024-10-08 12:26:06 - SIGINT to 15216 failed - Killing as fallback
2024-10-08 12:26:07 - Stopping process 6280
2024-10-08 12:26:07 - Send SIGINT 6280
2024-10-08 12:26:07 - SIGINT to 6280 failed - Killing as fallback
2024-10-08 12:26:07 - Stopping process 13808
2024-10-08 12:26:07 - Send SIGINT 13808
2024-10-08 12:26:07 - SIGINT to 13808 failed - Killing as fallback
2024-10-08 12:26:07 - Finished athenaapi.exe
2024-10-08 12:26:08 - Starting C:\Program Files\nodejs\node.exe  --harmony C:\Code\AthenaAPI\node_modules\node-windows\lib\wrapper.js --file C:\Code\AthenaAPI\server.js --scriptoptions= --log "Athena API wrapper" --grow 0.25 --wait 1 --maxrestarts 3 --abortonerror n --stopparentfirst undefined
2024-10-08 12:26:09 - Started 7928
2024-10-08 12:29:06 - Stopping athenaapi.exe
2024-10-08 12:29:06 - ProcessKill 7928
2024-10-08 12:29:07 - Found child process: 11756 Name: conhost.exe
2024-10-08 12:29:07 - Found child process: 15200 Name: node.exe
2024-10-08 12:29:07 - Stopping process 11756
2024-10-08 12:29:07 - Send SIGINT 11756
2024-10-08 12:29:07 - SIGINT to 11756 failed - Killing as fallback
2024-10-08 12:29:07 - Stopping process 15200
2024-10-08 12:29:07 - Send SIGINT 15200
2024-10-08 12:29:07 - SIGINT to 15200 failed - Killing as fallback
2024-10-08 12:29:07 - Stopping process 7928
2024-10-08 12:29:07 - Send SIGINT 7928
2024-10-08 12:29:07 - SIGINT to 7928 failed - Killing as fallback
2024-10-08 12:29:07 - Finished athenaapi.exe
2024-10-08 12:43:36 - Starting C:\Program Files\nodejs\node.exe  --harmony C:\Code\AthenaAPI\node_modules\node-windows\lib\wrapper.js --file C:\Code\AthenaAPI\server.js --scriptoptions= --log "Athena API wrapper" --grow 0.25 --wait 1 --maxrestarts 3 --abortonerror n --stopparentfirst undefined
2024-10-08 12:43:37 - Started 12280
2024-10-10 07:43:29 - Stopping athenaapi.exe
2024-10-10 07:43:29 - ProcessKill 12280
2024-10-10 07:43:29 - Found child process: 14264 Name: conhost.exe
2024-10-10 07:43:29 - Found child process: 8656 Name: node.exe
2024-10-10 07:43:29 - Stopping process 14264
2024-10-10 07:43:29 - Send SIGINT 14264
2024-10-10 07:43:29 - SIGINT to 14264 failed - Killing as fallback
2024-10-10 07:43:29 - Stopping process 8656
2024-10-10 07:43:29 - Send SIGINT 8656
2024-10-10 07:43:29 - SIGINT to 8656 failed - Killing as fallback
2024-10-10 07:43:29 - Stopping process 12280
2024-10-10 07:43:30 - Send SIGINT 12280
2024-10-10 07:43:30 - SIGINT to 12280 failed - Killing as fallback
2024-10-10 07:43:30 - Finished athenaapi.exe
2024-10-10 07:43:32 - Starting C:\Program Files\nodejs\node.exe  --harmony C:\Code\AthenaAPI\node_modules\node-windows\lib\wrapper.js --file C:\Code\AthenaAPI\server.js --scriptoptions= --log "Athena API wrapper" --grow 0.25 --wait 1 --maxrestarts 3 --abortonerror n --stopparentfirst undefined
2024-10-10 07:43:34 - Started 4396
2024-10-11 13:29:13 - Stopping athenaapi.exe
2024-10-11 13:29:13 - ProcessKill 4396
2024-10-11 13:29:13 - Found child process: 12356 Name: conhost.exe
2024-10-11 13:29:13 - Found child process: 14900 Name: node.exe
2024-10-11 13:29:13 - Stopping process 12356
2024-10-11 13:29:13 - Send SIGINT 12356
2024-10-11 13:29:13 - SIGINT to 12356 failed - Killing as fallback
2024-10-11 13:29:13 - Stopping process 14900
2024-10-11 13:29:13 - Send SIGINT 14900
2024-10-11 13:29:13 - SIGINT to 14900 failed - Killing as fallback
2024-10-11 13:29:13 - Stopping process 4396
2024-10-11 13:29:13 - Send SIGINT 4396
2024-10-11 13:29:13 - SIGINT to 4396 failed - Killing as fallback
2024-10-11 13:29:13 - Finished athenaapi.exe
2024-10-11 13:29:15 - Starting C:\Program Files\nodejs\node.exe  --harmony C:\Code\AthenaAPI\node_modules\node-windows\lib\wrapper.js --file C:\Code\AthenaAPI\server.js --scriptoptions= --log "Athena API wrapper" --grow 0.25 --wait 1 --maxrestarts 3 --abortonerror n --stopparentfirst undefined
2024-10-11 13:29:18 - Started 12548
2024-10-11 13:33:18 - Stopping athenaapi.exe
2024-10-11 13:33:18 - ProcessKill 12548
2024-10-11 13:33:18 - Found child process: 13864 Name: conhost.exe
2024-10-11 13:33:18 - Found child process: 13344 Name: node.exe
2024-10-11 13:33:18 - Stopping process 13864
2024-10-11 13:33:18 - Send SIGINT 13864
2024-10-11 13:33:18 - SIGINT to 13864 failed - Killing as fallback
2024-10-11 13:33:18 - Stopping process 13344
2024-10-11 13:33:18 - Send SIGINT 13344
2024-10-11 13:33:18 - SIGINT to 13344 failed - Killing as fallback
2024-10-11 13:33:18 - Stopping process 12548
2024-10-11 13:33:18 - Send SIGINT 12548
2024-10-11 13:33:18 - SIGINT to 12548 failed - Killing as fallback
2024-10-11 13:33:18 - Finished athenaapi.exe
2024-10-11 13:33:23 - Starting C:\Program Files\nodejs\node.exe  --harmony C:\Code\AthenaAPI\node_modules\node-windows\lib\wrapper.js --file C:\Code\AthenaAPI\server.js --scriptoptions= --log "Athena API wrapper" --grow 0.25 --wait 1 --maxrestarts 3 --abortonerror n --stopparentfirst undefined
2024-10-11 13:33:25 - Started 12216
2024-10-11 14:06:50 - Stopping athenaapi.exe
2024-10-11 14:06:50 - ProcessKill 12216
2024-10-11 14:06:50 - Found child process: 11372 Name: conhost.exe
2024-10-11 14:06:50 - Found child process: 3568 Name: node.exe
2024-10-11 14:06:50 - Stopping process 11372
2024-10-11 14:06:50 - Send SIGINT 11372
2024-10-11 14:06:50 - SIGINT to 11372 failed - Killing as fallback
2024-10-11 14:06:50 - Stopping process 3568
2024-10-11 14:06:50 - Send SIGINT 3568
2024-10-11 14:06:50 - SIGINT to 3568 failed - Killing as fallback
2024-10-11 14:06:50 - Stopping process 12216
2024-10-11 14:06:50 - Send SIGINT 12216
2024-10-11 14:06:50 - SIGINT to 12216 failed - Killing as fallback
2024-10-11 14:06:50 - Finished athenaapi.exe
2024-10-11 15:53:57 - Starting C:\Program Files\nodejs\node.exe  --harmony C:\Code\AthenaAPI\node_modules\node-windows\lib\wrapper.js --file C:\Code\AthenaAPI\server.js --scriptoptions= --log "Athena API wrapper" --grow 0.25 --wait 1 --maxrestarts 3 --abortonerror n --stopparentfirst undefined
2024-10-11 15:53:59 - Started 4108
2024-10-11 16:09:24 - Stopping athenaapi.exe
2024-10-11 16:09:24 - ProcessKill 4108
2024-10-11 16:09:24 - Found child process: 15228 Name: conhost.exe
2024-10-11 16:09:24 - Found child process: 14916 Name: node.exe
2024-10-11 16:09:24 - Stopping process 15228
2024-10-11 16:09:24 - Send SIGINT 15228
2024-10-11 16:09:24 - SIGINT to 15228 failed - Killing as fallback
2024-10-11 16:09:24 - Stopping process 14916
2024-10-11 16:09:24 - Send SIGINT 14916
2024-10-11 16:09:24 - SIGINT to 14916 failed - Killing as fallback
2024-10-11 16:09:24 - Stopping process 4108
2024-10-11 16:09:24 - Send SIGINT 4108
2024-10-11 16:09:24 - SIGINT to 4108 failed - Killing as fallback
2024-10-11 16:09:24 - Finished athenaapi.exe
2024-10-11 16:20:04 - Starting C:\Program Files\nodejs\node.exe  --harmony C:\Code\AthenaAPI\node_modules\node-windows\lib\wrapper.js --file C:\Code\AthenaAPI\server.js --scriptoptions= --log "Athena API wrapper" --grow 0.25 --wait 1 --maxrestarts 3 --abortonerror n --stopparentfirst undefined
2024-10-11 16:20:05 - Started 6880
2024-10-11 16:20:51 - Stopping athenaapi.exe
2024-10-11 16:20:51 - ProcessKill 6880
2024-10-11 16:20:51 - Found child process: 7040 Name: conhost.exe
2024-10-11 16:20:51 - Found child process: 9588 Name: node.exe
2024-10-11 16:20:52 - Stopping process 7040
2024-10-11 16:20:52 - Send SIGINT 7040
2024-10-11 16:20:52 - SIGINT to 7040 failed - Killing as fallback
2024-10-11 16:20:52 - Stopping process 9588
2024-10-11 16:20:52 - Send SIGINT 9588
2024-10-11 16:20:52 - SIGINT to 9588 failed - Killing as fallback
2024-10-11 16:20:52 - Stopping process 6880
2024-10-11 16:20:52 - Send SIGINT 6880
2024-10-11 16:20:52 - SIGINT to 6880 failed - Killing as fallback
2024-10-11 16:20:52 - Finished athenaapi.exe
2024-10-11 16:20:53 - Starting C:\Program Files\nodejs\node.exe  --harmony C:\Code\AthenaAPI\node_modules\node-windows\lib\wrapper.js --file C:\Code\AthenaAPI\server.js --scriptoptions= --log "Athena API wrapper" --grow 0.25 --wait 1 --maxrestarts 3 --abortonerror n --stopparentfirst undefined
2024-10-11 16:20:54 - Started 10416
2024-10-16 12:43:29 - Stopping athenaapi.exe
2024-10-16 12:43:29 - ProcessKill 10416
2024-10-16 12:43:30 - Found child process: 14796 Name: conhost.exe
2024-10-16 12:43:30 - Found child process: 7036 Name: node.exe
2024-10-16 12:43:30 - Stopping process 14796
2024-10-16 12:43:30 - Send SIGINT 14796
2024-10-16 12:43:30 - SIGINT to 14796 failed - Killing as fallback
2024-10-16 12:43:30 - Stopping process 7036
2024-10-16 12:43:30 - Send SIGINT 7036
2024-10-16 12:43:30 - SIGINT to 7036 failed - Killing as fallback
2024-10-16 12:43:30 - Stopping process 10416
2024-10-16 12:43:30 - Send SIGINT 10416
2024-10-16 12:43:30 - SIGINT to 10416 failed - Killing as fallback
2024-10-16 12:43:30 - Finished athenaapi.exe
2024-11-04 08:54:01 - Starting C:\Program Files\nodejs\node.exe  --harmony C:\Code\AthenaAPI\node_modules\node-windows\lib\wrapper.js --file C:\Code\AthenaAPI\server.js --scriptoptions= --log "Athena API wrapper" --grow 0.25 --wait 1 --maxrestarts 3 --abortonerror n --stopparentfirst undefined
2024-11-04 08:54:01 - Started 7088
2024-11-11 09:37:38 - Stopping athenaapi.exe
2024-11-11 09:37:38 - ProcessKill 7088
2024-11-11 09:37:38 - Found child process: 7140 Name: conhost.exe
2024-11-11 09:37:38 - Found child process: 6932 Name: node.exe
2024-11-11 09:37:38 - Stopping process 7140
2024-11-11 09:37:38 - Send SIGINT 7140
2024-11-11 09:37:38 - SIGINT to 7140 failed - Killing as fallback
2024-11-11 09:37:39 - Stopping process 6932
2024-11-11 09:37:39 - Send SIGINT 6932
2024-11-11 09:37:39 - SIGINT to 6932 failed - Killing as fallback
2024-11-11 09:37:39 - Stopping process 7088
2024-11-11 09:37:39 - Send SIGINT 7088
2024-11-11 09:37:39 - SIGINT to 7088 failed - Killing as fallback
2024-11-11 09:37:39 - Finished athenaapi.exe
2024-11-11 09:37:41 - Starting C:\Program Files\nodejs\node.exe  --harmony C:\Code\AthenaAPI\node_modules\node-windows\lib\wrapper.js --file C:\Code\AthenaAPI\server.js --scriptoptions= --log "Athena API wrapper" --grow 0.25 --wait 1 --maxrestarts 3 --abortonerror n --stopparentfirst undefined
2024-11-11 09:37:42 - Started 1580
2024-11-12 09:56:38 - Stopping athenaapi.exe
2024-11-12 09:56:38 - ProcessKill 1580
2024-11-12 09:56:39 - Found child process: 3304 Name: conhost.exe
2024-11-12 09:56:39 - Found child process: 11828 Name: node.exe
2024-11-12 09:56:39 - Stopping process 3304
2024-11-12 09:56:39 - Send SIGINT 3304
2024-11-12 09:56:39 - SIGINT to 3304 failed - Killing as fallback
2024-11-12 09:56:39 - Stopping process 11828
2024-11-12 09:56:39 - Send SIGINT 11828
2024-11-12 09:56:39 - SIGINT to 11828 failed - Killing as fallback
2024-11-12 09:56:39 - Stopping process 1580
2024-11-12 09:56:39 - Send SIGINT 1580
2024-11-12 09:56:39 - SIGINT to 1580 failed - Killing as fallback
2024-11-12 09:56:39 - Finished athenaapi.exe
2024-11-12 09:56:41 - Starting C:\Program Files\nodejs\node.exe  --harmony C:\Code\AthenaAPI\node_modules\node-windows\lib\wrapper.js --file C:\Code\AthenaAPI\server.js --scriptoptions= --log "Athena API wrapper" --grow 0.25 --wait 1 --maxrestarts 3 --abortonerror n --stopparentfirst undefined
2024-11-12 09:56:43 - Started 6628
2024-11-12 10:29:57 - Stopping athenaapi.exe
2024-11-12 10:29:57 - ProcessKill 6628
2024-11-12 10:29:57 - Found child process: 10000 Name: conhost.exe
2024-11-12 10:29:57 - Found child process: 11312 Name: node.exe
2024-11-12 10:29:57 - Stopping process 10000
2024-11-12 10:29:57 - Send SIGINT 10000
2024-11-12 10:29:57 - SIGINT to 10000 failed - Killing as fallback
2024-11-12 10:29:57 - Stopping process 11312
2024-11-12 10:29:57 - Send SIGINT 11312
2024-11-12 10:29:57 - SIGINT to 11312 failed - Killing as fallback
2024-11-12 10:29:57 - Stopping process 6628
2024-11-12 10:29:57 - Send SIGINT 6628
2024-11-12 10:29:57 - SIGINT to 6628 failed - Killing as fallback
2024-11-12 10:29:57 - Finished athenaapi.exe
2024-11-12 10:29:58 - Starting C:\Program Files\nodejs\node.exe  --harmony C:\Code\AthenaAPI\node_modules\node-windows\lib\wrapper.js --file C:\Code\AthenaAPI\server.js --scriptoptions= --log "Athena API wrapper" --grow 0.25 --wait 1 --maxrestarts 3 --abortonerror n --stopparentfirst undefined
2024-11-12 10:29:59 - Started 11380
2024-11-12 10:46:25 - Stopping athenaapi.exe
2024-11-12 10:46:25 - ProcessKill 11380
2024-11-12 10:46:26 - Found child process: 9204 Name: conhost.exe
2024-11-12 10:46:26 - Found child process: 11984 Name: node.exe
2024-11-12 10:46:26 - Stopping process 9204
2024-11-12 10:46:26 - Send SIGINT 9204
2024-11-12 10:46:26 - SIGINT to 9204 failed - Killing as fallback
2024-11-12 10:46:26 - Stopping process 11984
2024-11-12 10:46:26 - Send SIGINT 11984
2024-11-12 10:46:26 - SIGINT to 11984 failed - Killing as fallback
2024-11-12 10:46:26 - Stopping process 11380
2024-11-12 10:46:26 - Send SIGINT 11380
2024-11-12 10:46:26 - SIGINT to 11380 failed - Killing as fallback
2024-11-12 10:46:26 - Finished athenaapi.exe
2024-11-12 10:46:27 - Starting C:\Program Files\nodejs\node.exe  --harmony C:\Code\AthenaAPI\node_modules\node-windows\lib\wrapper.js --file C:\Code\AthenaAPI\server.js --scriptoptions= --log "Athena API wrapper" --grow 0.25 --wait 1 --maxrestarts 3 --abortonerror n --stopparentfirst undefined
2024-11-12 10:46:28 - Started 7396
2024-11-12 10:58:38 - Stopping athenaapi.exe
2024-11-12 10:58:38 - ProcessKill 7396
2024-11-12 10:58:39 - Found child process: 9228 Name: conhost.exe
2024-11-12 10:58:39 - Found child process: 5960 Name: node.exe
2024-11-12 10:58:39 - Stopping process 9228
2024-11-12 10:58:39 - Send SIGINT 9228
2024-11-12 10:58:39 - SIGINT to 9228 failed - Killing as fallback
2024-11-12 10:58:39 - Stopping process 5960
2024-11-12 10:58:39 - Send SIGINT 5960
2024-11-12 10:58:39 - SIGINT to 5960 failed - Killing as fallback
2024-11-12 10:58:39 - Stopping process 7396
2024-11-12 10:58:39 - Send SIGINT 7396
2024-11-12 10:58:39 - SIGINT to 7396 failed - Killing as fallback
2024-11-12 10:58:39 - Finished athenaapi.exe
2024-11-12 10:58:41 - Starting C:\Program Files\nodejs\node.exe  --harmony C:\Code\AthenaAPI\node_modules\node-windows\lib\wrapper.js --file C:\Code\AthenaAPI\server.js --scriptoptions= --log "Athena API wrapper" --grow 0.25 --wait 1 --maxrestarts 3 --abortonerror n --stopparentfirst undefined
2024-11-12 10:58:43 - Started 10464
2024-11-12 11:02:30 - Stopping athenaapi.exe
2024-11-12 11:02:30 - ProcessKill 10464
2024-11-12 11:02:30 - Found child process: 10164 Name: conhost.exe
2024-11-12 11:02:30 - Found child process: 4948 Name: node.exe
2024-11-12 11:02:30 - Stopping process 10164
2024-11-12 11:02:30 - Send SIGINT 10164
2024-11-12 11:02:30 - SIGINT to 10164 failed - Killing as fallback
2024-11-12 11:02:30 - Stopping process 4948
2024-11-12 11:02:30 - Send SIGINT 4948
2024-11-12 11:02:30 - SIGINT to 4948 failed - Killing as fallback
2024-11-12 11:02:30 - Stopping process 10464
2024-11-12 11:02:30 - Send SIGINT 10464
2024-11-12 11:02:30 - SIGINT to 10464 failed - Killing as fallback
2024-11-12 11:02:30 - Finished athenaapi.exe
2024-11-12 11:02:31 - Starting C:\Program Files\nodejs\node.exe  --harmony C:\Code\AthenaAPI\node_modules\node-windows\lib\wrapper.js --file C:\Code\AthenaAPI\server.js --scriptoptions= --log "Athena API wrapper" --grow 0.25 --wait 1 --maxrestarts 3 --abortonerror n --stopparentfirst undefined
2024-11-12 11:02:32 - Started 9684
2024-11-12 11:05:14 - Stopping athenaapi.exe
2024-11-12 11:05:14 - ProcessKill 9684
2024-11-12 11:05:14 - Found child process: 5780 Name: conhost.exe
2024-11-12 11:05:14 - Found child process: 7672 Name: node.exe
2024-11-12 11:05:14 - Stopping process 5780
2024-11-12 11:05:14 - Send SIGINT 5780
2024-11-12 11:05:14 - SIGINT to 5780 failed - Killing as fallback
2024-11-12 11:05:14 - Stopping process 7672
2024-11-12 11:05:14 - Send SIGINT 7672
2024-11-12 11:05:14 - SIGINT to 7672 failed - Killing as fallback
2024-11-12 11:05:14 - Stopping process 9684
2024-11-12 11:05:14 - Send SIGINT 9684
2024-11-12 11:05:14 - SIGINT to 9684 failed - Killing as fallback
2024-11-12 11:05:14 - Finished athenaapi.exe
2024-11-12 11:05:16 - Starting C:\Program Files\nodejs\node.exe  --harmony C:\Code\AthenaAPI\node_modules\node-windows\lib\wrapper.js --file C:\Code\AthenaAPI\server.js --scriptoptions= --log "Athena API wrapper" --grow 0.25 --wait 1 --maxrestarts 3 --abortonerror n --stopparentfirst undefined
2024-11-12 11:05:17 - Started 4060
2024-11-12 11:06:18 - Stopping athenaapi.exe
2024-11-12 11:06:18 - ProcessKill 4060
2024-11-12 11:06:18 - Found child process: 12068 Name: conhost.exe
2024-11-12 11:06:18 - Found child process: 11764 Name: node.exe
2024-11-12 11:06:18 - Stopping process 12068
2024-11-12 11:06:18 - Send SIGINT 12068
2024-11-12 11:06:18 - SIGINT to 12068 failed - Killing as fallback
2024-11-12 11:06:19 - Stopping process 11764
2024-11-12 11:06:19 - Send SIGINT 11764
2024-11-12 11:06:19 - SIGINT to 11764 failed - Killing as fallback
2024-11-12 11:06:19 - Stopping process 4060
2024-11-12 11:06:19 - Send SIGINT 4060
2024-11-12 11:06:19 - SIGINT to 4060 failed - Killing as fallback
2024-11-12 11:06:19 - Finished athenaapi.exe
2024-11-12 11:06:20 - Starting C:\Program Files\nodejs\node.exe  --harmony C:\Code\AthenaAPI\node_modules\node-windows\lib\wrapper.js --file C:\Code\AthenaAPI\server.js --scriptoptions= --log "Athena API wrapper" --grow 0.25 --wait 1 --maxrestarts 3 --abortonerror n --stopparentfirst undefined
2024-11-12 11:06:21 - Started 8468
2024-11-12 11:27:56 - Stopping athenaapi.exe
2024-11-12 11:27:56 - ProcessKill 8468
2024-11-12 11:27:56 - Found child process: 11760 Name: conhost.exe
2024-11-12 11:27:56 - Found child process: 3772 Name: node.exe
2024-11-12 11:27:56 - Stopping process 11760
2024-11-12 11:27:56 - Send SIGINT 11760
2024-11-12 11:27:56 - SIGINT to 11760 failed - Killing as fallback
2024-11-12 11:27:56 - Stopping process 3772
2024-11-12 11:27:56 - Send SIGINT 3772
2024-11-12 11:27:56 - SIGINT to 3772 failed - Killing as fallback
2024-11-12 11:27:56 - Stopping process 8468
2024-11-12 11:27:56 - Send SIGINT 8468
2024-11-12 11:27:56 - SIGINT to 8468 failed - Killing as fallback
2024-11-12 11:27:56 - Finished athenaapi.exe
2024-11-12 11:27:58 - Starting C:\Program Files\nodejs\node.exe  --harmony C:\Code\AthenaAPI\node_modules\node-windows\lib\wrapper.js --file C:\Code\AthenaAPI\server.js --scriptoptions= --log "Athena API wrapper" --grow 0.25 --wait 1 --maxrestarts 3 --abortonerror n --stopparentfirst undefined
2024-11-12 11:27:59 - Started 8892
2024-11-12 11:31:20 - Stopping athenaapi.exe
2024-11-12 11:31:20 - ProcessKill 8892
2024-11-12 11:31:20 - Found child process: 10564 Name: conhost.exe
2024-11-12 11:31:20 - Found child process: 11532 Name: node.exe
2024-11-12 11:31:20 - Stopping process 10564
2024-11-12 11:31:20 - Send SIGINT 10564
2024-11-12 11:31:20 - SIGINT to 10564 failed - Killing as fallback
2024-11-12 11:31:20 - Stopping process 11532
2024-11-12 11:31:20 - Send SIGINT 11532
2024-11-12 11:31:20 - SIGINT to 11532 failed - Killing as fallback
2024-11-12 11:31:20 - Stopping process 8892
2024-11-12 11:31:20 - Send SIGINT 8892
2024-11-12 11:31:20 - SIGINT to 8892 failed - Killing as fallback
2024-11-12 11:31:20 - Finished athenaapi.exe
2024-11-12 11:31:21 - Starting C:\Program Files\nodejs\node.exe  --harmony C:\Code\AthenaAPI\node_modules\node-windows\lib\wrapper.js --file C:\Code\AthenaAPI\server.js --scriptoptions= --log "Athena API wrapper" --grow 0.25 --wait 1 --maxrestarts 3 --abortonerror n --stopparentfirst undefined
2024-11-12 11:31:22 - Started 8624
2024-11-12 11:43:59 - Stopping athenaapi.exe
2024-11-12 11:43:59 - ProcessKill 8624
2024-11-12 11:44:00 - Found child process: 12272 Name: conhost.exe
2024-11-12 11:44:00 - Found child process: 5252 Name: node.exe
2024-11-12 11:44:00 - Stopping process 12272
2024-11-12 11:44:00 - Send SIGINT 12272
2024-11-12 11:44:00 - SIGINT to 12272 failed - Killing as fallback
2024-11-12 11:44:00 - Stopping process 5252
2024-11-12 11:44:00 - Send SIGINT 5252
2024-11-12 11:44:00 - SIGINT to 5252 failed - Killing as fallback
2024-11-12 11:44:00 - Stopping process 8624
2024-11-12 11:44:00 - Send SIGINT 8624
2024-11-12 11:44:00 - SIGINT to 8624 failed - Killing as fallback
2024-11-12 11:44:00 - Finished athenaapi.exe
2024-11-12 11:44:01 - Starting C:\Program Files\nodejs\node.exe  --harmony C:\Code\AthenaAPI\node_modules\node-windows\lib\wrapper.js --file C:\Code\AthenaAPI\server.js --scriptoptions= --log "Athena API wrapper" --grow 0.25 --wait 1 --maxrestarts 3 --abortonerror n --stopparentfirst undefined
2024-11-12 11:44:02 - Started 9560
2024-11-12 11:45:27 - Stopping athenaapi.exe
2024-11-12 11:45:27 - ProcessKill 9560
2024-11-12 11:45:27 - Found child process: 5168 Name: conhost.exe
2024-11-12 11:45:27 - Found child process: 9712 Name: node.exe
2024-11-12 11:45:27 - Stopping process 5168
2024-11-12 11:45:27 - Send SIGINT 5168
2024-11-12 11:45:27 - SIGINT to 5168 failed - Killing as fallback
2024-11-12 11:45:27 - Stopping process 9712
2024-11-12 11:45:27 - Send SIGINT 9712
2024-11-12 11:45:27 - SIGINT to 9712 failed - Killing as fallback
2024-11-12 11:45:27 - Stopping process 9560
2024-11-12 11:45:27 - Send SIGINT 9560
2024-11-12 11:45:27 - SIGINT to 9560 failed - Killing as fallback
2024-11-12 11:45:27 - Finished athenaapi.exe
2024-11-14 19:05:45 - Starting C:\Program Files\nodejs\node.exe  --harmony C:\Code\AthenaAPI\node_modules\node-windows\lib\wrapper.js --file C:\Code\AthenaAPI\server.js --scriptoptions= --log "Athena API wrapper" --grow 0.25 --wait 1 --maxrestarts 3 --abortonerror n --stopparentfirst undefined
2024-11-14 19:05:46 - Started 6460
