node:events:497
      throw er; // Unhandled 'error' event
      ^

Error: listen EADDRINUSE: address already in use :::3000
    at Server.setupListenHandle [as _listen2] (node:net:1898:16)
    at listenInCluster (node:net:1946:12)
    at Server.listen (node:net:2044:7)
    at Function.listen (C:\Code\AthenaAPI\node_modules\express\lib\application.js:635:24)
    at NativeConnection.<anonymous> (file:///C:/Code/AthenaAPI/server.js:64:9)
    at Object.onceWrapper (node:events:633:28)
    at NativeConnection.emit (node:events:519:28)
    at Connection.onOpen (C:\Code\AthenaAPI\node_modules\mongoose\lib\connection.js:769:8)
    at _setClient (C:\Code\AthenaAPI\node_modules\mongoose\lib\drivers\node-mongodb-native\connection.js:419:8)
    at NativeConnection.createClient (C:\Code\AthenaAPI\node_modules\mongoose\lib\drivers\node-mongodb-native\connection.js:316:3)
    at process.processTicksAndRejections (node:internal/process/task_queues:95:5)
    at async NativeConnection.openUri (C:\Code\AthenaAPI\node_modules\mongoose\lib\connection.js:846:5)
    at async connectToDb (file:///C:/Code/AthenaAPI/config/dbconnection.js:5:9)
Emitted 'error' event on Server instance at:
    at emitErrorNT (node:net:1925:8)
    at process.processTicksAndRejections (node:internal/process/task_queues:82:21) {
  code: 'EADDRINUSE',
  errno: -4091,
  syscall: 'listen',
  address: '::',
  port: 3000
}

Node.js v20.15.1
node:events:497
      throw er; // Unhandled 'error' event
      ^

Error: listen EADDRINUSE: address already in use :::3000
    at Server.setupListenHandle [as _listen2] (node:net:1898:16)
    at listenInCluster (node:net:1946:12)
    at Server.listen (node:net:2044:7)
    at Function.listen (C:\Code\AthenaAPI\node_modules\express\lib\application.js:635:24)
    at NativeConnection.<anonymous> (file:///C:/Code/AthenaAPI/server.js:64:9)
    at Object.onceWrapper (node:events:633:28)
    at NativeConnection.emit (node:events:519:28)
    at Connection.onOpen (C:\Code\AthenaAPI\node_modules\mongoose\lib\connection.js:769:8)
    at _setClient (C:\Code\AthenaAPI\node_modules\mongoose\lib\drivers\node-mongodb-native\connection.js:419:8)
    at NativeConnection.createClient (C:\Code\AthenaAPI\node_modules\mongoose\lib\drivers\node-mongodb-native\connection.js:316:3)
    at process.processTicksAndRejections (node:internal/process/task_queues:95:5)
    at async NativeConnection.openUri (C:\Code\AthenaAPI\node_modules\mongoose\lib\connection.js:846:5)
    at async connectToDb (file:///C:/Code/AthenaAPI/config/dbconnection.js:5:9)
Emitted 'error' event on Server instance at:
    at emitErrorNT (node:net:1925:8)
    at process.processTicksAndRejections (node:internal/process/task_queues:82:21) {
  code: 'EADDRINUSE',
  errno: -4091,
  syscall: 'listen',
  address: '::',
  port: 3000
}

Node.js v20.15.1
node:events:497
      throw er; // Unhandled 'error' event
      ^

Error: listen EADDRINUSE: address already in use :::3000
    at Server.setupListenHandle [as _listen2] (node:net:1898:16)
    at listenInCluster (node:net:1946:12)
    at Server.listen (node:net:2044:7)
    at Function.listen (C:\Code\AthenaAPI\node_modules\express\lib\application.js:635:24)
    at NativeConnection.<anonymous> (file:///C:/Code/AthenaAPI/server.js:64:9)
    at Object.onceWrapper (node:events:633:28)
    at NativeConnection.emit (node:events:519:28)
    at Connection.onOpen (C:\Code\AthenaAPI\node_modules\mongoose\lib\connection.js:769:8)
    at _setClient (C:\Code\AthenaAPI\node_modules\mongoose\lib\drivers\node-mongodb-native\connection.js:419:8)
    at NativeConnection.createClient (C:\Code\AthenaAPI\node_modules\mongoose\lib\drivers\node-mongodb-native\connection.js:316:3)
    at process.processTicksAndRejections (node:internal/process/task_queues:95:5)
    at async NativeConnection.openUri (C:\Code\AthenaAPI\node_modules\mongoose\lib\connection.js:846:5)
    at async connectToDb (file:///C:/Code/AthenaAPI/config/dbconnection.js:5:9)
Emitted 'error' event on Server instance at:
    at emitErrorNT (node:net:1925:8)
    at process.processTicksAndRejections (node:internal/process/task_queues:82:21) {
  code: 'EADDRINUSE',
  errno: -4091,
  syscall: 'listen',
  address: '::',
  port: 3000
}

Node.js v20.15.1
node:events:497
      throw er; // Unhandled 'error' event
      ^

Error: listen EADDRINUSE: address already in use :::3000
    at Server.setupListenHandle [as _listen2] (node:net:1898:16)
    at listenInCluster (node:net:1946:12)
    at Server.listen (node:net:2044:7)
    at Function.listen (C:\Code\AthenaAPI\node_modules\express\lib\application.js:635:24)
    at NativeConnection.<anonymous> (file:///C:/Code/AthenaAPI/server.js:64:9)
    at Object.onceWrapper (node:events:633:28)
    at NativeConnection.emit (node:events:519:28)
    at Connection.onOpen (C:\Code\AthenaAPI\node_modules\mongoose\lib\connection.js:769:8)
    at _setClient (C:\Code\AthenaAPI\node_modules\mongoose\lib\drivers\node-mongodb-native\connection.js:419:8)
    at NativeConnection.createClient (C:\Code\AthenaAPI\node_modules\mongoose\lib\drivers\node-mongodb-native\connection.js:316:3)
    at process.processTicksAndRejections (node:internal/process/task_queues:95:5)
    at async NativeConnection.openUri (C:\Code\AthenaAPI\node_modules\mongoose\lib\connection.js:846:5)
    at async connectToDb (file:///C:/Code/AthenaAPI/config/dbconnection.js:5:9)
Emitted 'error' event on Server instance at:
    at emitErrorNT (node:net:1925:8)
    at process.processTicksAndRejections (node:internal/process/task_queues:82:21) {
  code: 'EADDRINUSE',
  errno: -4091,
  syscall: 'listen',
  address: '::',
  port: 3000
}

Node.js v20.15.1
node:events:497
      throw er; // Unhandled 'error' event
      ^

Error: listen EADDRINUSE: address already in use :::3000
    at Server.setupListenHandle [as _listen2] (node:net:1898:16)
    at listenInCluster (node:net:1946:12)
    at Server.listen (node:net:2044:7)
    at Function.listen (C:\Code\AthenaAPI\node_modules\express\lib\application.js:635:24)
    at NativeConnection.<anonymous> (file:///C:/Code/AthenaAPI/server.js:64:9)
    at Object.onceWrapper (node:events:633:28)
    at NativeConnection.emit (node:events:519:28)
    at Connection.onOpen (C:\Code\AthenaAPI\node_modules\mongoose\lib\connection.js:769:8)
    at _setClient (C:\Code\AthenaAPI\node_modules\mongoose\lib\drivers\node-mongodb-native\connection.js:419:8)
    at NativeConnection.createClient (C:\Code\AthenaAPI\node_modules\mongoose\lib\drivers\node-mongodb-native\connection.js:316:3)
    at process.processTicksAndRejections (node:internal/process/task_queues:95:5)
    at async NativeConnection.openUri (C:\Code\AthenaAPI\node_modules\mongoose\lib\connection.js:846:5)
    at async connectToDb (file:///C:/Code/AthenaAPI/config/dbconnection.js:5:9)
Emitted 'error' event on Server instance at:
    at emitErrorNT (node:net:1925:8)
    at process.processTicksAndRejections (node:internal/process/task_queues:82:21) {
  code: 'EADDRINUSE',
  errno: -4091,
  syscall: 'listen',
  address: '::',
  port: 3000
}

Node.js v20.15.1
node:events:497
      throw er; // Unhandled 'error' event
      ^

Error: listen EADDRINUSE: address already in use :::3000
    at Server.setupListenHandle [as _listen2] (node:net:1898:16)
    at listenInCluster (node:net:1946:12)
    at Server.listen (node:net:2044:7)
    at Function.listen (C:\Code\AthenaAPI\node_modules\express\lib\application.js:635:24)
    at NativeConnection.<anonymous> (file:///C:/Code/AthenaAPI/server.js:64:9)
    at Object.onceWrapper (node:events:633:28)
    at NativeConnection.emit (node:events:519:28)
    at Connection.onOpen (C:\Code\AthenaAPI\node_modules\mongoose\lib\connection.js:769:8)
    at _setClient (C:\Code\AthenaAPI\node_modules\mongoose\lib\drivers\node-mongodb-native\connection.js:419:8)
    at NativeConnection.createClient (C:\Code\AthenaAPI\node_modules\mongoose\lib\drivers\node-mongodb-native\connection.js:316:3)
    at process.processTicksAndRejections (node:internal/process/task_queues:95:5)
    at async NativeConnection.openUri (C:\Code\AthenaAPI\node_modules\mongoose\lib\connection.js:846:5)
    at async connectToDb (file:///C:/Code/AthenaAPI/config/dbconnection.js:5:9)
Emitted 'error' event on Server instance at:
    at emitErrorNT (node:net:1925:8)
    at process.processTicksAndRejections (node:internal/process/task_queues:82:21) {
  code: 'EADDRINUSE',
  errno: -4091,
  syscall: 'listen',
  address: '::',
  port: 3000
}

Node.js v20.15.1
Error processing data: Empty directory.
Error processing data: Empty directory.
Error processing data: Empty directory.
Error processing data: Empty directory.
Error processing data: Empty directory.
Error processing data: Empty directory.
Error processing data: Empty directory.
Error processing data: Empty directory.
SyntaxError: Expected property name or '}' in JSON at position 1
    at JSON.parse (<anonymous>)
    at parse (C:\Code\AthenaAPI\node_modules\body-parser\lib\types\json.js:92:19)
    at C:\Code\AthenaAPI\node_modules\body-parser\lib\read.js:128:18
    at AsyncResource.runInAsyncScope (node:async_hooks:206:9)
    at invokeCallback (C:\Code\AthenaAPI\node_modules\raw-body\index.js:238:16)
    at done (C:\Code\AthenaAPI\node_modules\raw-body\index.js:227:7)
    at IncomingMessage.onEnd (C:\Code\AthenaAPI\node_modules\raw-body\index.js:287:7)
    at IncomingMessage.emit (node:events:519:28)
    at endReadableNT (node:internal/streams/readable:1696:12)
    at process.processTicksAndRejections (node:internal/process/task_queues:82:21)
Error processing data: Empty directory.
Error processing data: Empty directory.
Error processing data: Empty directory.
Error processing data: Empty directory.
Error processing data: Empty directory.
Error processing data: Empty directory.
Error processing data: Empty directory.
Error processing data: Empty directory.
Error processing data: Empty directory.
Error processing data: Empty directory.
Error processing data: Empty directory.
Error processing data: Empty directory.
Error processing data: Empty directory.
Error processing data: Empty directory.
Error processing data: Empty directory.
Error processing data: Empty directory.
Error processing data: Empty directory.
Error processing data: Empty directory.
Error processing data: Empty directory.
Error processing data: Empty directory.
Error processing data: Empty directory.
Error processing data: Empty directory.
Error processing data: Empty directory.
Error processing data: Empty directory.
Error processing data: Empty directory.
Error processing data: Empty directory.
Error processing data: Empty directory.
Error processing data: Empty directory.
Error processing data: Empty directory.
Error processing data: Empty directory.
Error processing data: Empty directory.
Error processing data: Empty directory.
Error processing data: Empty directory.
Error processing data: Empty directory.
Error processing data: Empty directory.
Error processing data: Empty directory.
Error processing data: Empty directory.
Error processing data: Empty directory.
Error processing data: Empty directory.
Error processing data: Empty directory.
Error processing data: Empty directory.
Error processing data: Empty directory.
Error processing data: Empty directory.
Error processing data: Empty directory.
Error processing data: Empty directory.
Error processing data: Empty directory.
Error processing data: Empty directory.
Error processing data: Empty directory.
Error processing data: Empty directory.
Error processing data: Empty directory.
Error processing data: Empty directory.
Error processing data: Empty directory.
Error processing data: Empty directory.
Error processing data: Empty directory.
Error processing data: Empty directory.
Error processing data: Empty directory.
Error processing data: Empty directory.
Error processing data: Empty directory.
Error processing data: Empty directory.
Error processing data: Empty directory.
Error processing data: Empty directory.
Error processing data: Empty directory.
Error processing data: Empty directory.
Error processing data: Empty directory.
node:internal/modules/cjs/loader:1148
  throw err;
  ^

Error: Cannot find module 'C:\Code\AthenaAPI\node_modules\node-windows\lib\wrapper.js'
    at Module._resolveFilename (node:internal/modules/cjs/loader:1145:15)
    at Module._load (node:internal/modules/cjs/loader:986:27)
    at Function.executeUserEntryPoint [as runMain] (node:internal/modules/run_main:174:12)
    at node:internal/main/run_main_module:28:49 {
  code: 'MODULE_NOT_FOUND',
  requireStack: []
}
node:internal/modules/cjs/loader:1148
  throw err;
  ^

Error: Cannot find module 'C:\Code\AthenaAPI\node_modules\node-windows\lib\wrapper.js'
    at Module._resolveFilename (node:internal/modules/cjs/loader:1145:15)
    at Module._load (node:internal/modules/cjs/loader:986:27)
    at Function.executeUserEntryPoint [as runMain] (node:internal/modules/run_main:174:12)
    at node:internal/main/run_main_module:28:49 {
  code: 'MODULE_NOT_FOUND',
  requireStack: []
}
node:internal/modules/cjs/loader:1148
  throw err;
  ^

Error: Cannot find module 'C:\Code\AthenaAPI\node_modules\node-windows\lib\wrapper.js'
    at Module._resolveFilename (node:internal/modules/cjs/loader:1145:15)
    at Module._load (node:internal/modules/cjs/loader:986:27)
    at Function.executeUserEntryPoint [as runMain] (node:internal/modules/run_main:174:12)
    at node:internal/main/run_main_module:28:49 {
  code: 'MODULE_NOT_FOUND',
  requireStack: []
}

Node.js v20.15.1
